TN:
SF:src/App.jsx
FN:45,RotaPrivadaComShell
FN:57,AppRoutes
FN:104,App
FNF:3
FNH:0
FNDA:0,RotaPrivadaComShell
FNDA:0,AppRoutes
FNDA:0,App
DA:46,0
DA:47,0
DA:48,0
DA:58,0
DA:105,0
LF:5
LH:0
BRDA:47,0,0,0
BRDA:47,0,1,0
BRF:2
BRH:0
end_of_record
TN:
SF:src/components/BottomNav/index.jsx
FN:12,BottomNav
FNF:1
FNH:0
FNDA:0,BottomNav
DA:13,0
LF:1
LH:0
BRDA:12,0,0,0
BRDA:17,1,0,0
BRDA:17,1,1,0
BRDA:41,2,0,0
BRDA:41,2,1,0
BRF:5
BRH:0
end_of_record
TN:
SF:src/components/Button/index.jsx
FN:4,Button
FNF:1
FNH:0
FNDA:0,Button
DA:5,0
LF:1
LH:0
BRDA:4,0,0,0
BRDA:8,1,0,0
BRDA:8,1,1,0
BRDA:11,2,0,0
BRDA:11,2,1,0
BRF:5
BRH:0
end_of_record
TN:
SF:src/components/CalendarioVacinas/index.jsx
FN:9,CalendarioVacinas
FN:12,(anonymous_1)
FN:17,carregar
FN:31,(anonymous_3)
FN:34,(anonymous_4)
FN:50,(anonymous_5)
FN:58,proximoMes
FN:59,(anonymous_7)
FN:61,mesAnterior
FN:62,(anonymous_9)
FN:64,hoje
FN:69,(anonymous_11)
FN:95,(anonymous_12)
FN:98,(anonymous_13)
FN:101,(anonymous_14)
FN:101,(anonymous_15)
FN:112,(anonymous_16)
FN:130,(anonymous_17)
FN:131,(anonymous_18)
FN:132,(anonymous_19)
FNF:20
FNH:0
FNDA:0,CalendarioVacinas
FNDA:0,(anonymous_1)
FNDA:0,carregar
FNDA:0,(anonymous_3)
FNDA:0,(anonymous_4)
FNDA:0,(anonymous_5)
FNDA:0,proximoMes
FNDA:0,(anonymous_7)
FNDA:0,mesAnterior
FNDA:0,(anonymous_9)
FNDA:0,hoje
FNDA:0,(anonymous_11)
FNDA:0,(anonymous_12)
FNDA:0,(anonymous_13)
FNDA:0,(anonymous_14)
FNDA:0,(anonymous_15)
FNDA:0,(anonymous_16)
FNDA:0,(anonymous_17)
FNDA:0,(anonymous_18)
FNDA:0,(anonymous_19)
DA:5,0
DA:6,0
DA:10,0
DA:11,0
DA:12,0
DA:13,0
DA:14,0
DA:18,0
DA:19,0
DA:20,0
DA:21,0
DA:22,0
DA:25,0
DA:27,0
DA:31,0
DA:34,0
DA:35,0
DA:36,0
DA:37,0
DA:38,0
DA:39,0
DA:40,0
DA:41,0
DA:42,0
DA:43,0
DA:44,0
DA:46,0
DA:50,0
DA:53,0
DA:54,0
DA:55,0
DA:56,0
DA:59,0
DA:62,0
DA:65,0
DA:66,0
DA:69,0
DA:70,0
DA:71,0
DA:72,0
DA:73,0
DA:76,0
DA:96,0
DA:99,0
DA:101,0
DA:102,0
DA:103,0
DA:104,0
DA:113,0
DA:130,0
DA:132,0
DA:133,0
LF:52
LH:0
BRDA:18,0,0,0
BRDA:18,0,1,0
BRDA:22,1,0,0
BRDA:22,1,1,0
BRDA:37,2,0,0
BRDA:37,2,1,0
BRDA:38,3,0,0
BRDA:38,3,1,0
BRDA:40,4,0,0
BRDA:40,4,1,0
BRDA:40,5,0,0
BRDA:40,5,1,0
BRDA:43,6,0,0
BRDA:43,6,1,0
BRDA:71,7,0,0
BRDA:71,7,1,0
BRDA:71,8,0,0
BRDA:71,8,1,0
BRDA:91,9,0,0
BRDA:91,9,1,0
BRDA:102,10,0,0
BRDA:102,10,1,0
BRDA:107,11,0,0
BRDA:107,11,1,0
BRDA:107,12,0,0
BRDA:107,12,1,0
BRDA:110,13,0,0
BRDA:110,13,1,0
BRDA:113,14,0,0
BRDA:113,14,1,0
BRDA:114,15,0,0
BRDA:114,15,1,0
BRDA:117,16,0,0
BRDA:117,16,1,0
BRDA:126,17,0,0
BRDA:126,17,1,0
BRDA:136,18,0,0
BRDA:136,18,1,0
BRF:38
BRH:0
end_of_record
TN:
SF:src/components/GraficoBarra/index.jsx
FN:17,GraficoBarra
FN:36,(anonymous_1)
FN:49,(anonymous_2)
FN:62,(anonymous_3)
FN:107,(anonymous_4)
FNF:5
FNH:0
FNDA:0,GraficoBarra
FNDA:0,(anonymous_1)
FNDA:0,(anonymous_2)
FNDA:0,(anonymous_3)
FNDA:0,(anonymous_4)
DA:25,0
DA:26,0
DA:29,0
DA:30,0
DA:31,0
DA:32,0
DA:33,0
DA:34,0
DA:36,0
DA:37,0
DA:38,0
DA:39,0
DA:42,0
DA:45,0
DA:46,0
DA:47,0
DA:49,0
DA:52,0
DA:53,0
DA:54,0
DA:55,0
DA:57,0
DA:58,0
DA:62,0
DA:63,0
DA:64,0
DA:67,0
DA:70,0
DA:108,0
DA:109,0
DA:110,0
DA:112,0
DA:113,0
DA:114,0
DA:115,0
DA:118,0
LF:36
LH:0
BRDA:18,0,0,0
BRDA:19,1,0,0
BRDA:20,2,0,0
BRDA:21,3,0,0
BRDA:22,4,0,0
BRDA:23,5,0,0
BRDA:25,6,0,0
BRDA:25,6,1,0
BRDA:25,7,0,0
BRDA:25,7,1,0
BRDA:39,8,0,0
BRDA:39,8,1,0
BRDA:52,9,0,0
BRDA:52,9,1,0
BRDA:63,10,0,0
BRDA:63,10,1,0
BRDA:110,11,0,0
BRDA:110,11,1,0
BRDA:112,12,0,0
BRDA:112,12,1,0
BRDA:115,13,0,0
BRDA:115,13,1,0
BRDA:128,14,0,0
BRDA:128,14,1,0
BRF:24
BRH:0
end_of_record
TN:
SF:src/components/GraficoLinha/index.jsx
FN:16,GraficoLinha
FN:34,(anonymous_1)
FN:40,(anonymous_2)
FN:46,(anonymous_3)
FNF:4
FNH:0
FNDA:0,GraficoLinha
FNDA:0,(anonymous_1)
FNDA:0,(anonymous_2)
FNDA:0,(anonymous_3)
DA:23,0
DA:24,0
DA:27,0
DA:28,0
DA:29,0
DA:30,0
DA:31,0
DA:32,0
DA:34,0
DA:35,0
DA:36,0
DA:37,0
DA:38,0
DA:40,0
DA:41,0
DA:42,0
DA:46,0
DA:47,0
DA:48,0
DA:49,0
DA:52,0
DA:53,0
DA:55,0
DA:57,0
LF:24
LH:0
BRDA:17,0,0,0
BRDA:18,1,0,0
BRDA:19,2,0,0
BRDA:20,3,0,0
BRDA:21,4,0,0
BRDA:23,5,0,0
BRDA:23,5,1,0
BRDA:23,6,0,0
BRDA:23,6,1,0
BRDA:37,7,0,0
BRDA:37,7,1,0
BRDA:38,8,0,0
BRDA:38,8,1,0
BRDA:41,9,0,0
BRDA:41,9,1,0
BRF:15
BRH:0
end_of_record
TN:
SF:src/components/Input/index.jsx
FN:3,Input
FNF:1
FNH:0
FNDA:0,Input
DA:4,0
DA:5,0
LF:2
LH:0
BRDA:6,0,0,0
BRDA:6,0,1,0
BRDA:7,1,0,0
BRDA:7,1,1,0
BRDA:8,2,0,0
BRDA:8,2,1,0
BRDA:14,3,0,0
BRDA:14,3,1,0
BRDA:14,4,0,0
BRDA:14,4,1,0
BRDA:17,5,0,0
BRDA:17,5,1,0
BRF:12
BRH:0
end_of_record
TN:
SF:src/components/NotificationBell/index.jsx
FN:17,NotificationBell
FN:22,handleClick
FN:23,(anonymous_2)
FN:26,handleFechar
FNF:4
FNH:0
FNDA:0,NotificationBell
FNDA:0,handleClick
FNDA:0,(anonymous_2)
FNDA:0,handleFechar
DA:18,0
DA:19,0
DA:20,0
DA:23,0
DA:27,0
DA:30,0
LF:6
LH:0
BRDA:33,0,0,0
BRDA:33,0,1,0
BRDA:35,1,0,0
BRDA:35,1,1,0
BRDA:35,2,0,0
BRDA:35,2,1,0
BRDA:39,3,0,0
BRDA:39,3,1,0
BRDA:39,3,2,0
BRDA:41,4,0,0
BRDA:41,4,1,0
BRDA:45,5,0,0
BRDA:45,5,1,0
BRDA:46,6,0,0
BRDA:46,6,1,0
BRDA:51,7,0,0
BRDA:51,7,1,0
BRF:17
BRH:0
end_of_record
TN:
SF:src/components/NotificationPanel/index.jsx
FN:37,formatarTempo
FN:49,agruparPorData
FN:71,NotificationPanel
FN:86,(anonymous_3)
FN:88,(anonymous_4)
FN:91,(anonymous_5)
FN:93,handleMarcarTodasLidas
FN:102,handleMarcarLida
FN:106,handleExcluir
FN:110,handleSincronizar
FN:119,handleNotificacaoClick
FN:165,(anonymous_11)
FN:169,(anonymous_12)
FN:187,(anonymous_13)
FN:190,(anonymous_14)
FN:194,(anonymous_15)
FN:217,(anonymous_16)
FNF:17
FNH:0
FNDA:0,formatarTempo
FNDA:0,agruparPorData
FNDA:0,NotificationPanel
FNDA:0,(anonymous_3)
FNDA:0,(anonymous_4)
FNDA:0,(anonymous_5)
FNDA:0,handleMarcarTodasLidas
FNDA:0,handleMarcarLida
FNDA:0,handleExcluir
FNDA:0,handleSincronizar
FNDA:0,handleNotificacaoClick
FNDA:0,(anonymous_11)
FNDA:0,(anonymous_12)
FNDA:0,(anonymous_13)
FNDA:0,(anonymous_14)
FNDA:0,(anonymous_15)
FNDA:0,(anonymous_16)
DA:6,0
DA:14,0
DA:22,0
DA:28,0
DA:38,0
DA:39,0
DA:40,0
DA:41,0
DA:42,0
DA:43,0
DA:44,0
DA:45,0
DA:46,0
DA:50,0
DA:51,0
DA:52,0
DA:53,0
DA:54,0
DA:56,0
DA:57,0
DA:58,0
DA:61,0
DA:62,0
DA:63,0
DA:65,0
DA:66,0
DA:68,0
DA:72,0
DA:81,0
DA:83,0
DA:84,0
DA:86,0
DA:87,0
DA:88,0
DA:91,0
DA:94,0
DA:95,0
DA:96,0
DA:98,0
DA:103,0
DA:107,0
DA:111,0
DA:112,0
DA:113,0
DA:115,0
DA:120,0
DA:121,0
DA:124,0
DA:125,0
DA:126,0
DA:127,0
DA:128,0
DA:129,0
DA:130,0
DA:131,0
DA:133,0
DA:136,0
DA:166,0
DA:169,0
DA:188,0
DA:191,0
DA:194,0
DA:217,0
LF:63
LH:0
BRDA:38,0,0,0
BRDA:38,0,1,0
BRDA:42,1,0,0
BRDA:42,1,1,0
BRDA:43,2,0,0
BRDA:43,2,1,0
BRDA:44,3,0,0
BRDA:44,3,1,0
BRDA:45,4,0,0
BRDA:45,4,1,0
BRDA:61,5,0,0
BRDA:61,5,1,0
BRDA:62,6,0,0
BRDA:62,6,1,0
BRDA:65,7,0,0
BRDA:65,7,1,0
BRDA:87,8,0,0
BRDA:87,8,1,0
BRDA:120,9,0,0
BRDA:120,9,1,0
BRDA:124,10,0,0
BRDA:124,10,1,0
BRDA:124,11,0,0
BRDA:124,11,1,0
BRDA:126,12,0,0
BRDA:126,12,1,0
BRDA:128,13,0,0
BRDA:128,13,1,0
BRDA:130,14,0,0
BRDA:130,14,1,0
BRDA:147,15,0,0
BRDA:147,15,1,0
BRDA:168,16,0,0
BRDA:168,16,1,0
BRDA:179,17,0,0
BRDA:179,17,1,0
BRDA:181,18,0,0
BRDA:181,18,1,0
BRDA:193,19,0,0
BRDA:193,19,1,0
BRDA:200,20,0,0
BRDA:200,20,1,0
BRDA:203,21,0,0
BRDA:203,21,1,0
BRDA:207,22,0,0
BRDA:207,22,1,0
BRDA:211,23,0,0
BRDA:211,23,1,0
BRDA:238,24,0,0
BRDA:238,24,1,0
BRF:50
BRH:0
end_of_record
TN:
SF:src/components/OrdenhaForm/index.jsx
FN:5,OrdenhaForm
FN:18,handleRegistrar
FN:32,(anonymous_2)
FN:38,(anonymous_3)
FN:46,handleExcluir
FN:71,(anonymous_5)
FN:71,(anonymous_6)
FN:84,(anonymous_7)
FN:84,(anonymous_8)
FN:96,(anonymous_9)
FN:96,(anonymous_10)
FN:107,(anonymous_11)
FN:107,(anonymous_12)
FN:118,(anonymous_13)
FN:118,(anonymous_14)
FN:139,(anonymous_15)
FN:152,(anonymous_16)
FNF:17
FNH:0
FNDA:0,OrdenhaForm
FNDA:0,handleRegistrar
FNDA:0,(anonymous_2)
FNDA:0,(anonymous_3)
FNDA:0,handleExcluir
FNDA:0,(anonymous_5)
FNDA:0,(anonymous_6)
FNDA:0,(anonymous_7)
FNDA:0,(anonymous_8)
FNDA:0,(anonymous_9)
FNDA:0,(anonymous_10)
FNDA:0,(anonymous_11)
FNDA:0,(anonymous_12)
FNDA:0,(anonymous_13)
FNDA:0,(anonymous_14)
FNDA:0,(anonymous_15)
FNDA:0,(anonymous_16)
DA:6,0
DA:7,0
DA:14,0
DA:15,0
DA:16,0
DA:19,0
DA:20,0
DA:21,0
DA:22,0
DA:24,0
DA:25,0
DA:26,0
DA:27,0
DA:31,0
DA:32,0
DA:37,0
DA:38,0
DA:40,0
DA:42,0
DA:47,0
DA:48,0
DA:49,0
DA:50,0
DA:52,0
DA:56,0
DA:58,0
DA:71,0
DA:84,0
DA:96,0
DA:107,0
DA:118,0
DA:140,0
DA:141,0
DA:152,0
LF:34
LH:0
BRDA:20,0,0,0
BRDA:20,0,1,0
BRDA:20,1,0,0
BRDA:20,1,1,0
BRDA:40,2,0,0
BRDA:40,2,1,0
BRDA:47,3,0,0
BRDA:47,3,1,0
BRDA:52,4,0,0
BRDA:52,4,1,0
BRDA:56,5,0,0
BRDA:56,5,1,0
BRDA:56,6,0,0
BRDA:56,6,1,0
BRDA:61,7,0,0
BRDA:61,7,1,0
BRDA:62,8,0,0
BRDA:62,8,1,0
BRDA:122,9,0,0
BRDA:122,9,1,0
BRDA:127,10,0,0
BRDA:127,10,1,0
BRDA:133,11,0,0
BRDA:133,11,1,0
BRDA:135,12,0,0
BRDA:135,12,1,0
BRDA:140,13,0,0
BRDA:140,13,1,0
BRDA:140,14,0,0
BRDA:140,14,1,0
BRDA:146,15,0,0
BRDA:146,15,1,0
BRDA:146,16,0,0
BRDA:146,16,1,0
BRF:34
BRH:0
end_of_record
TN:
SF:src/components/PropertyNav/index.jsx
FN:19,PropertyNav
FN:22,(anonymous_1)
FN:26,(anonymous_2)
FNF:3
FNH:0
FNDA:0,PropertyNav
FNDA:0,(anonymous_1)
FNDA:0,(anonymous_2)
DA:3,0
DA:20,0
DA:23,0
DA:26,0
LF:4
LH:0
BRDA:19,0,0,0
BRDA:25,1,0,0
BRDA:25,1,1,0
BRF:3
BRH:0
end_of_record
TN:
SF:src/components/SyncIndicator/index.jsx
FN:18,SyncIndicator
FN:23,handleClick
FN:78,formatRelative
FNF:3
FNH:0
FNDA:0,SyncIndicator
FNDA:0,handleClick
FNDA:0,formatRelative
DA:19,0
DA:21,0
DA:24,0
DA:25,0
DA:29,0
DA:30,0
DA:31,0
DA:33,0
DA:35,0
DA:36,0
DA:42,0
DA:44,0
DA:45,0
DA:46,0
DA:48,0
DA:49,0
DA:50,0
DA:52,0
DA:53,0
DA:54,0
DA:57,0
DA:58,0
DA:61,0
DA:79,0
DA:80,0
DA:81,0
DA:82,0
DA:83,0
DA:84,0
LF:29
LH:0
BRDA:24,0,0,0
BRDA:24,0,1,0
BRDA:30,1,0,0
BRDA:30,1,1,0
BRDA:35,2,0,0
BRDA:35,2,1,0
BRDA:36,3,0,0
BRDA:36,3,1,0
BRDA:42,4,0,0
BRDA:42,4,1,0
BRDA:42,4,2,0
BRDA:42,4,3,0
BRDA:42,4,4,0
BRDA:70,5,0,0
BRDA:70,5,1,0
BRDA:70,5,2,0
BRDA:81,6,0,0
BRDA:81,6,1,0
BRDA:82,7,0,0
BRDA:82,7,1,0
BRDA:83,8,0,0
BRDA:83,8,1,0
BRF:22
BRH:0
end_of_record
TN:
SF:src/components/VacinasObrigatoriasForm/index.jsx
FN:5,VacinasObrigatoriasForm
FN:19,carregar
FN:32,(anonymous_2)
FN:34,handleSalvar
FN:54,(anonymous_4)
FN:62,handleExcluir
FN:73,handleEditar
FN:98,(anonymous_7)
FN:98,(anonymous_8)
FN:109,(anonymous_9)
FN:109,(anonymous_10)
FN:122,(anonymous_11)
FN:122,(anonymous_12)
FN:137,(anonymous_13)
FN:137,(anonymous_14)
FN:151,(anonymous_15)
FN:168,(anonymous_16)
FN:180,(anonymous_17)
FN:187,(anonymous_18)
FNF:19
FNH:0
FNDA:0,VacinasObrigatoriasForm
FNDA:0,carregar
FNDA:0,(anonymous_2)
FNDA:0,handleSalvar
FNDA:0,(anonymous_4)
FNDA:0,handleExcluir
FNDA:0,handleEditar
FNDA:0,(anonymous_7)
FNDA:0,(anonymous_8)
FNDA:0,(anonymous_9)
FNDA:0,(anonymous_10)
FNDA:0,(anonymous_11)
FNDA:0,(anonymous_12)
FNDA:0,(anonymous_13)
FNDA:0,(anonymous_14)
FNDA:0,(anonymous_15)
FNDA:0,(anonymous_16)
FNDA:0,(anonymous_17)
FNDA:0,(anonymous_18)
DA:6,0
DA:7,0
DA:8,0
DA:9,0
DA:10,0
DA:11,0
DA:12,0
DA:20,0
DA:21,0
DA:22,0
DA:23,0
DA:24,0
DA:26,0
DA:28,0
DA:32,0
DA:35,0
DA:36,0
DA:37,0
DA:38,0
DA:40,0
DA:41,0
DA:42,0
DA:43,0
DA:44,0
DA:45,0
DA:47,0
DA:49,0
DA:50,0
DA:51,0
DA:52,0
DA:53,0
DA:54,0
DA:56,0
DA:58,0
DA:63,0
DA:64,0
DA:65,0
DA:66,0
DA:67,0
DA:69,0
DA:74,0
DA:75,0
DA:83,0
DA:98,0
DA:109,0
DA:122,0
DA:137,0
DA:152,0
DA:153,0
DA:169,0
DA:180,0
DA:187,0
LF:52
LH:0
BRDA:20,0,0,0
BRDA:20,0,1,0
BRDA:24,1,0,0
BRDA:24,1,1,0
BRDA:26,2,0,0
BRDA:26,2,1,0
BRDA:36,3,0,0
BRDA:36,3,1,0
BRDA:44,4,0,0
BRDA:44,4,1,0
BRDA:49,5,0,0
BRDA:49,5,1,0
BRDA:56,6,0,0
BRDA:56,6,1,0
BRDA:63,7,0,0
BRDA:63,7,1,0
BRDA:69,8,0,0
BRDA:69,8,1,0
BRDA:77,9,0,0
BRDA:77,9,1,0
BRDA:78,10,0,0
BRDA:78,10,1,0
BRDA:88,11,0,0
BRDA:88,11,1,0
BRDA:89,12,0,0
BRDA:89,12,1,0
BRDA:145,13,0,0
BRDA:145,13,1,0
BRDA:145,14,0,0
BRDA:145,14,1,0
BRDA:147,15,0,0
BRDA:147,15,1,0
BRDA:162,16,0,0
BRDA:162,16,1,0
BRDA:164,17,0,0
BRDA:164,17,1,0
BRDA:173,18,0,0
BRDA:173,18,1,0
BRDA:173,19,0,0
BRDA:173,19,1,0
BRF:40
BRH:0
end_of_record
TN:
SF:src/constants/sync.js
FNF:0
FNH:0
DA:1,1
DA:3,1
DA:5,1
DA:7,1
DA:12,1
DA:14,1
DA:16,1
DA:18,1
DA:20,1
DA:22,1
LF:10
LH:10
BRF:0
BRH:0
end_of_record
TN:
SF:src/contexts/AuthContext.jsx
FN:17,AuthProvider
FN:44,(anonymous_1)
FN:98,(anonymous_2)
FN:99,(anonymous_3)
FN:113,(anonymous_4)
FN:114,(anonymous_5)
FN:126,(anonymous_6)
FN:148,(anonymous_7)
FN:185,(anonymous_8)
FN:190,(anonymous_9)
FN:192,(anonymous_10)
FN:221,useAuth
FNF:12
FNH:0
FNDA:0,AuthProvider
FNDA:0,(anonymous_1)
FNDA:0,(anonymous_2)
FNDA:0,(anonymous_3)
FNDA:0,(anonymous_4)
FNDA:0,(anonymous_5)
FNDA:0,(anonymous_6)
FNDA:0,(anonymous_7)
FNDA:0,(anonymous_8)
FNDA:0,(anonymous_9)
FNDA:0,(anonymous_10)
FNDA:0,useAuth
DA:15,0
DA:18,0
DA:19,0
DA:30,0
DA:44,0
DA:45,0
DA:46,0
DA:47,0
DA:49,0
DA:51,0
DA:53,0
DA:54,0
DA:55,0
DA:56,0
DA:61,0
DA:63,0
DA:70,0
DA:73,0
DA:74,0
DA:84,0
DA:85,0
DA:86,0
DA:88,0
DA:89,0
DA:98,0
DA:99,0
DA:100,0
DA:101,0
DA:103,0
DA:104,0
DA:105,0
DA:111,0
DA:112,0
DA:113,0
DA:114,0
DA:117,0
DA:120,0
DA:123,0
DA:126,0
DA:127,0
DA:128,0
DA:129,0
DA:130,0
DA:131,0
DA:132,0
DA:134,0
DA:136,0
DA:148,0
DA:150,0
DA:151,0
DA:153,0
DA:156,0
DA:157,0
DA:158,0
DA:160,0
DA:161,0
DA:165,0
DA:166,0
DA:169,0
DA:170,0
DA:171,0
DA:172,0
DA:174,0
DA:175,0
DA:179,0
DA:181,0
DA:185,0
DA:186,0
DA:187,0
DA:190,0
DA:192,0
DA:193,0
DA:194,0
DA:196,0
DA:197,0
DA:198,0
DA:201,0
DA:203,0
DA:206,0
DA:222,0
DA:223,0
DA:224,0
LF:82
LH:0
BRDA:44,0,0,0
BRDA:46,1,0,0
BRDA:46,1,1,0
BRDA:46,1,2,0
BRDA:47,2,0,0
BRDA:47,2,1,0
BRDA:49,3,0,0
BRDA:49,3,1,0
BRDA:51,4,0,0
BRDA:51,4,1,0
BRDA:53,5,0,0
BRDA:53,5,1,0
BRDA:54,6,0,0
BRDA:54,6,1,0
BRDA:54,7,0,0
BRDA:54,7,1,0
BRDA:67,8,0,0
BRDA:67,8,1,0
BRDA:77,9,0,0
BRDA:77,9,1,0
BRDA:77,9,2,0
BRDA:80,10,0,0
BRDA:80,10,1,0
BRDA:86,11,0,0
BRDA:86,11,1,0
BRDA:101,12,0,0
BRDA:101,12,1,0
BRDA:103,13,0,0
BRDA:103,13,1,0
BRDA:111,14,0,0
BRDA:111,14,1,0
BRDA:157,15,0,0
BRDA:157,15,1,0
BRDA:179,16,0,0
BRDA:179,16,1,0
BRDA:197,17,0,0
BRDA:197,17,1,0
BRDA:223,18,0,0
BRDA:223,18,1,0
BRF:39
BRH:0
end_of_record
TN:
SF:src/contexts/DatabaseContext.jsx
FN:6,DatabaseProvider
FN:11,(anonymous_1)
FN:15,inicializar
FN:19,(anonymous_3)
FN:65,useDatabase
FNF:5
FNH:0
FNDA:0,DatabaseProvider
FNDA:0,(anonymous_1)
FNDA:0,inicializar
FNDA:0,(anonymous_3)
FNDA:0,useDatabase
DA:4,0
DA:7,0
DA:8,0
DA:9,0
DA:11,0
DA:12,0
DA:13,0
DA:16,0
DA:18,0
DA:19,0
DA:20,0
DA:23,0
DA:24,0
DA:26,0
DA:27,0
DA:29,0
DA:32,0
DA:35,0
DA:36,0
DA:54,0
DA:55,0
DA:58,0
DA:66,0
DA:67,0
DA:68,0
LF:25
LH:0
BRDA:12,0,0,0
BRDA:12,0,1,0
BRDA:18,1,0,0
BRDA:18,1,1,0
BRDA:35,2,0,0
BRDA:35,2,1,0
BRDA:54,3,0,0
BRDA:54,3,1,0
BRDA:67,4,0,0
BRDA:67,4,1,0
BRF:10
BRH:0
end_of_record
TN:
SF:src/contexts/PropriedadeContext.jsx
FN:7,PropriedadeProvider
FN:14,(anonymous_1)
FN:23,(anonymous_2)
FN:33,(anonymous_3)
FN:56,usePropriedade
FNF:5
FNH:0
FNDA:0,PropriedadeProvider
FNDA:0,(anonymous_1)
FNDA:0,(anonymous_2)
FNDA:0,(anonymous_3)
FNDA:0,usePropriedade
DA:5,0
DA:8,0
DA:9,0
DA:10,0
DA:11,0
DA:12,0
DA:14,0
DA:15,0
DA:16,0
DA:17,0
DA:18,0
DA:19,0
DA:22,0
DA:23,0
DA:24,0
DA:27,0
DA:29,0
DA:33,0
DA:34,0
DA:35,0
DA:36,0
DA:39,0
DA:57,0
DA:58,0
DA:59,0
LF:25
LH:0
BRDA:24,0,0,0
BRDA:24,0,1,0
BRDA:58,1,0,0
BRDA:58,1,1,0
BRF:4
BRH:0
end_of_record
TN:
SF:src/hooks/useAlertas.js
FN:7,useAlertas
FN:11,(anonymous_1)
FN:21,(anonymous_2)
FN:55,(anonymous_3)
FN:81,(anonymous_4)
FN:117,(anonymous_5)
FN:127,(anonymous_6)
FNF:7
FNH:0
FNDA:0,useAlertas
FNDA:0,(anonymous_1)
FNDA:0,(anonymous_2)
FNDA:0,(anonymous_3)
FNDA:0,(anonymous_4)
FNDA:0,(anonymous_5)
FNDA:0,(anonymous_6)
DA:8,0
DA:9,0
DA:11,0
DA:12,0
DA:13,0
DA:14,0
DA:15,0
DA:16,0
DA:17,0
DA:20,0
DA:21,0
DA:22,0
DA:23,0
DA:24,0
DA:26,0
DA:27,0
DA:34,0
DA:35,0
DA:42,0
DA:43,0
DA:54,0
DA:55,0
DA:56,0
DA:57,0
DA:59,0
DA:60,0
DA:67,0
DA:68,0
DA:79,0
DA:80,0
DA:81,0
DA:82,0
DA:83,0
DA:84,0
DA:85,0
DA:86,0
DA:93,0
DA:94,0
DA:102,0
DA:116,0
DA:117,0
DA:119,0
DA:121,0
DA:123,0
DA:127,0
DA:129,0
LF:46
LH:0
BRDA:12,0,0,0
BRDA:12,0,1,0
BRDA:22,1,0,0
BRDA:22,1,1,0
BRDA:26,2,0,0
BRDA:26,2,1,0
BRDA:30,3,0,0
BRDA:30,3,1,0
BRDA:34,4,0,0
BRDA:34,4,1,0
BRDA:38,5,0,0
BRDA:38,5,1,0
BRDA:42,6,0,0
BRDA:42,6,1,0
BRDA:46,7,0,0
BRDA:46,7,1,0
BRDA:56,8,0,0
BRDA:56,8,1,0
BRDA:59,9,0,0
BRDA:59,9,1,0
BRDA:59,10,0,0
BRDA:59,10,1,0
BRDA:62,11,0,0
BRDA:62,11,1,0
BRDA:67,12,0,0
BRDA:67,12,1,0
BRDA:67,13,0,0
BRDA:67,13,1,0
BRDA:70,14,0,0
BRDA:70,14,1,0
BRDA:82,15,0,0
BRDA:82,15,1,0
BRDA:85,16,0,0
BRDA:85,16,1,0
BRDA:89,17,0,0
BRDA:89,17,1,0
BRDA:93,18,0,0
BRDA:93,18,1,0
BRDA:97,19,0,0
BRDA:97,19,1,0
BRDA:105,20,0,0
BRDA:105,20,1,0
BRDA:117,21,0,0
BRDA:117,21,1,0
BRDA:117,22,0,0
BRDA:117,22,1,0
BRF:46
BRH:0
end_of_record
TN:
SF:src/hooks/useAlertasSanitarios.js
FN:8,useAlertasSanitarios
FN:15,(anonymous_1)
FN:31,(anonymous_2)
FN:34,(anonymous_3)
FNF:4
FNH:0
FNDA:0,useAlertasSanitarios
FNDA:0,(anonymous_1)
FNDA:0,(anonymous_2)
FNDA:0,(anonymous_3)
DA:9,0
DA:10,0
DA:11,0
DA:12,0
DA:13,0
DA:15,0
DA:16,0
DA:17,0
DA:18,0
DA:19,0
DA:20,0
DA:21,0
DA:22,0
DA:23,0
DA:25,0
DA:27,0
DA:31,0
DA:34,0
DA:36,0
LF:19
LH:0
BRDA:16,0,0,0
BRDA:16,0,1,0
BRDA:21,1,0,0
BRDA:21,1,1,0
BRDA:22,2,0,0
BRDA:22,2,1,0
BRDA:23,3,0,0
BRDA:23,3,1,0
BRDA:34,4,0,0
BRDA:34,4,1,0
BRF:10
BRH:0
end_of_record
TN:
SF:src/hooks/useAnimais.js
FN:4,useAnimais
FN:11,(anonymous_1)
FN:25,(anonymous_2)
FN:30,(anonymous_3)
FN:31,onSyncAtualizado
FN:35,(anonymous_5)
FN:39,(anonymous_6)
FN:48,(anonymous_7)
FN:49,(anonymous_8)
FN:50,(anonymous_9)
FN:52,criarAnimal
FN:54,(anonymous_11)
FN:58,editarAnimal
FN:60,(anonymous_13)
FN:60,(anonymous_14)
FN:64,excluirAnimal
FN:66,(anonymous_16)
FN:66,(anonymous_17)
FN:69,buscar
FNF:19
FNH:0
FNDA:0,useAnimais
FNDA:0,(anonymous_1)
FNDA:0,(anonymous_2)
FNDA:0,(anonymous_3)
FNDA:0,onSyncAtualizado
FNDA:0,(anonymous_5)
FNDA:0,(anonymous_6)
FNDA:0,(anonymous_7)
FNDA:0,(anonymous_8)
FNDA:0,(anonymous_9)
FNDA:0,criarAnimal
FNDA:0,(anonymous_11)
FNDA:0,editarAnimal
FNDA:0,(anonymous_13)
FNDA:0,(anonymous_14)
FNDA:0,excluirAnimal
FNDA:0,(anonymous_16)
FNDA:0,(anonymous_17)
FNDA:0,buscar
DA:5,0
DA:6,0
DA:7,0
DA:8,0
DA:9,0
DA:11,0
DA:12,0
DA:13,0
DA:14,0
DA:15,0
DA:16,0
DA:17,0
DA:19,0
DA:21,0
DA:25,0
DA:30,0
DA:32,0
DA:34,0
DA:35,0
DA:38,0
DA:40,0
DA:41,0
DA:42,0
DA:48,0
DA:49,0
DA:50,0
DA:53,0
DA:54,0
DA:55,0
DA:59,0
DA:60,0
DA:61,0
DA:65,0
DA:66,0
DA:70,0
DA:73,0
LF:36
LH:0
BRDA:12,0,0,0
BRDA:12,0,1,0
BRDA:32,1,0,0
BRDA:32,1,1,0
BRDA:40,2,0,0
BRDA:40,2,1,0
BRDA:43,3,0,0
BRDA:43,3,1,0
BRDA:43,3,2,0
BRDA:48,4,0,0
BRDA:48,4,1,0
BRDA:49,5,0,0
BRDA:49,5,1,0
BRDA:50,6,0,0
BRDA:50,6,1,0
BRDA:60,7,0,0
BRDA:60,7,1,0
BRF:17
BRH:0
end_of_record
TN:
SF:src/hooks/useAnimal.js
FN:4,getIdade
FN:16,calcularIdade
FN:29,useAnimal
FN:34,(anonymous_3)
FN:48,(anonymous_4)
FN:52,atualizar
FNF:6
FNH:0
FNDA:0,getIdade
FNDA:0,calcularIdade
FNDA:0,useAnimal
FNDA:0,(anonymous_3)
FNDA:0,(anonymous_4)
FNDA:0,atualizar
DA:5,0
DA:6,0
DA:7,0
DA:8,0
DA:9,0
DA:10,0
DA:11,0
DA:12,0
DA:13,0
DA:17,0
DA:18,0
DA:19,0
DA:20,0
DA:21,0
DA:22,0
DA:23,0
DA:24,0
DA:25,0
DA:26,0
DA:30,0
DA:31,0
DA:32,0
DA:34,0
DA:35,0
DA:36,0
DA:37,0
DA:38,0
DA:39,0
DA:40,0
DA:42,0
DA:44,0
DA:48,0
DA:50,0
DA:53,0
DA:54,0
DA:57,0
LF:36
LH:0
BRDA:5,0,0,0
BRDA:5,0,1,0
BRDA:9,1,0,0
BRDA:9,1,1,0
BRDA:10,2,0,0
BRDA:10,2,1,0
BRDA:13,3,0,0
BRDA:13,3,1,0
BRDA:17,4,0,0
BRDA:17,4,1,0
BRDA:21,5,0,0
BRDA:21,5,1,0
BRDA:22,6,0,0
BRDA:22,6,1,0
BRDA:25,7,0,0
BRDA:25,7,1,0
BRDA:35,8,0,0
BRDA:35,8,1,0
BRDA:50,9,0,0
BRDA:50,9,1,0
BRF:20
BRH:0
end_of_record
TN:
SF:src/hooks/useCios.js
FN:4,useCios
FN:9,(anonymous_1)
FN:27,(anonymous_2)
FN:29,registrarCio
FN:38,excluirCio
FNF:5
FNH:0
FNDA:0,useCios
FNDA:0,(anonymous_1)
FNDA:0,(anonymous_2)
FNDA:0,registrarCio
FNDA:0,excluirCio
DA:5,0
DA:6,0
DA:7,0
DA:9,0
DA:10,0
DA:11,0
DA:12,0
DA:13,0
DA:15,0
DA:16,0
DA:17,0
DA:18,0
DA:19,0
DA:21,0
DA:23,0
DA:27,0
DA:30,0
DA:34,0
DA:35,0
DA:39,0
DA:40,0
DA:43,0
LF:22
LH:0
BRDA:10,0,0,0
BRDA:10,0,1,0
BRDA:19,1,0,0
BRDA:19,1,1,0
BRDA:21,2,0,0
BRDA:21,2,1,0
BRDA:32,3,0,0
BRDA:32,3,1,0
BRF:8
BRH:0
end_of_record
TN:
SF:src/hooks/useDashboardStats.js
FN:8,useDashboardStats
FN:14,(anonymous_1)
FN:30,(anonymous_2)
FNF:3
FNH:0
FNDA:0,useDashboardStats
FNDA:0,(anonymous_1)
FNDA:0,(anonymous_2)
DA:9,0
DA:10,0
DA:11,0
DA:12,0
DA:14,0
DA:15,0
DA:16,0
DA:17,0
DA:18,0
DA:19,0
DA:20,0
DA:21,0
DA:22,0
DA:24,0
DA:26,0
DA:30,0
DA:32,0
DA:33,0
DA:35,0
LF:19
LH:0
BRDA:15,0,0,0
BRDA:15,0,1,0
BRDA:32,1,0,0
BRDA:32,1,1,0
BRDA:33,2,0,0
BRDA:33,2,1,0
BRF:6
BRH:0
end_of_record
TN:
SF:src/hooks/useDebounce.js
FN:3,useDebounce
FN:6,(anonymous_1)
FN:7,(anonymous_2)
FN:8,(anonymous_3)
FNF:4
FNH:0
FNDA:0,useDebounce
FNDA:0,(anonymous_1)
FNDA:0,(anonymous_2)
FNDA:0,(anonymous_3)
DA:4,0
DA:6,0
DA:7,0
DA:8,0
DA:11,0
LF:5
LH:0
BRDA:3,0,0,0
BRF:1
BRH:0
end_of_record
TN:
SF:src/hooks/useFinanceiro.js
FN:7,useFinanceiroPropriedade
FN:14,(anonymous_1)
FN:34,(anonymous_2)
FN:37,(anonymous_3)
FN:38,onSyncAtualizado
FN:42,(anonymous_5)
FN:45,registrar
FN:51,excluir
FN:70,useFinanceiroAnimal
FN:75,(anonymous_9)
FN:89,(anonymous_10)
FN:91,(anonymous_11)
FN:92,onSyncAtualizado
FN:96,(anonymous_13)
FN:103,useTransacao
FN:109,(anonymous_15)
FN:127,(anonymous_16)
FN:129,atualizar
FNF:18
FNH:0
FNDA:0,useFinanceiroPropriedade
FNDA:0,(anonymous_1)
FNDA:0,(anonymous_2)
FNDA:0,(anonymous_3)
FNDA:0,onSyncAtualizado
FNDA:0,(anonymous_5)
FNDA:0,registrar
FNDA:0,excluir
FNDA:0,useFinanceiroAnimal
FNDA:0,(anonymous_9)
FNDA:0,(anonymous_10)
FNDA:0,(anonymous_11)
FNDA:0,onSyncAtualizado
FNDA:0,(anonymous_13)
FNDA:0,useTransacao
FNDA:0,(anonymous_15)
FNDA:0,(anonymous_16)
FNDA:0,atualizar
DA:8,0
DA:9,0
DA:10,0
DA:11,0
DA:12,0
DA:14,0
DA:15,0
DA:16,0
DA:17,0
DA:18,0
DA:19,0
DA:24,0
DA:25,0
DA:26,0
DA:28,0
DA:30,0
DA:34,0
DA:37,0
DA:39,0
DA:41,0
DA:42,0
DA:46,0
DA:47,0
DA:48,0
DA:52,0
DA:53,0
DA:56,0
DA:71,0
DA:72,0
DA:73,0
DA:75,0
DA:76,0
DA:77,0
DA:78,0
DA:79,0
DA:80,0
DA:81,0
DA:83,0
DA:85,0
DA:89,0
DA:91,0
DA:93,0
DA:95,0
DA:96,0
DA:99,0
DA:104,0
DA:105,0
DA:106,0
DA:107,0
DA:109,0
DA:110,0
DA:111,0
DA:112,0
DA:113,0
DA:114,0
DA:118,0
DA:119,0
DA:121,0
DA:123,0
DA:127,0
DA:130,0
DA:131,0
DA:132,0
DA:135,0
LF:64
LH:0
BRDA:15,0,0,0
BRDA:15,0,1,0
BRDA:24,1,0,0
BRDA:24,1,1,0
BRDA:25,2,0,0
BRDA:25,2,1,0
BRDA:39,3,0,0
BRDA:39,3,1,0
BRDA:76,4,0,0
BRDA:76,4,1,0
BRDA:81,5,0,0
BRDA:81,5,1,0
BRDA:93,6,0,0
BRDA:93,6,1,0
BRDA:110,7,0,0
BRDA:110,7,1,0
BRDA:119,8,0,0
BRDA:119,8,1,0
BRF:18
BRH:0
end_of_record
TN:
SF:src/hooks/useGestantes.js
FN:4,useGestantes
FN:12,(anonymous_1)
FN:37,(anonymous_2)
FN:42,(anonymous_3)
FN:49,(anonymous_4)
FNF:5
FNH:0
FNDA:0,useGestantes
FNDA:0,(anonymous_1)
FNDA:0,(anonymous_2)
FNDA:0,(anonymous_3)
FNDA:0,(anonymous_4)
DA:5,0
DA:6,0
DA:7,0
DA:8,0
DA:9,0
DA:10,0
DA:12,0
DA:13,0
DA:14,0
DA:15,0
DA:16,0
DA:17,0
DA:23,0
DA:24,0
DA:25,0
DA:26,0
DA:28,0
DA:30,0
DA:37,0
DA:39,0
DA:40,0
DA:42,0
DA:43,0
DA:44,0
DA:45,0
DA:46,0
DA:49,0
DA:50,0
DA:51,0
DA:52,0
DA:55,0
LF:31
LH:0
BRDA:13,0,0,0
BRDA:13,0,1,0
BRDA:43,1,0,0
BRDA:43,1,1,0
BRDA:43,2,0,0
BRDA:43,2,1,0
BRDA:46,3,0,0
BRDA:46,3,1,0
BRDA:50,4,0,0
BRDA:50,4,1,0
BRDA:50,5,0,0
BRDA:50,5,1,0
BRF:12
BRH:0
end_of_record
TN:
SF:src/hooks/useMedicamentos.js
FN:4,useMedicamentos
FN:9,(anonymous_1)
FN:25,(anonymous_2)
FN:30,(anonymous_3)
FN:36,registrarMedicamento
FN:42,editarMedicamento
FN:48,excluirMedicamento
FNF:7
FNH:0
FNDA:0,useMedicamentos
FNDA:0,(anonymous_1)
FNDA:0,(anonymous_2)
FNDA:0,(anonymous_3)
FNDA:0,registrarMedicamento
FNDA:0,editarMedicamento
FNDA:0,excluirMedicamento
DA:5,0
DA:6,0
DA:7,0
DA:9,0
DA:10,0
DA:11,0
DA:12,0
DA:13,0
DA:14,0
DA:17,0
DA:19,0
DA:21,0
DA:25,0
DA:27,0
DA:28,0
DA:30,0
DA:31,0
DA:32,0
DA:33,0
DA:37,0
DA:38,0
DA:39,0
DA:43,0
DA:44,0
DA:45,0
DA:49,0
DA:50,0
DA:53,0
LF:28
LH:0
BRDA:4,0,0,0
BRDA:10,1,0,0
BRDA:10,1,1,0
BRDA:14,2,0,0
BRDA:14,2,1,0
BRDA:31,3,0,0
BRDA:31,3,1,0
BRF:7
BRH:0
end_of_record
TN:
SF:src/hooks/useMovimentacoes.js
FN:4,useMovimentacoes
FN:9,(anonymous_1)
FN:23,(anonymous_2)
FN:25,registrarMovimentacao
FN:31,editarMovimentacao
FN:36,excluirMovimentacao
FNF:6
FNH:0
FNDA:0,useMovimentacoes
FNDA:0,(anonymous_1)
FNDA:0,(anonymous_2)
FNDA:0,registrarMovimentacao
FNDA:0,editarMovimentacao
FNDA:0,excluirMovimentacao
DA:5,0
DA:6,0
DA:7,0
DA:9,0
DA:10,0
DA:11,0
DA:12,0
DA:13,0
DA:14,0
DA:15,0
DA:17,0
DA:19,0
DA:23,0
DA:26,0
DA:27,0
DA:28,0
DA:32,0
DA:33,0
DA:37,0
DA:38,0
DA:41,0
LF:21
LH:0
BRDA:10,0,0,0
BRDA:10,0,1,0
BRF:2
BRH:0
end_of_record
TN:
SF:src/hooks/useNotificacoes.js
FN:13,useNotificacoes
FN:21,(anonymous_1)
FN:39,(anonymous_2)
FN:42,(anonymous_3)
FN:43,onSync
FN:45,(anonymous_5)
FN:50,(anonymous_6)
FN:81,(anonymous_7)
FN:96,marcarComoLida
FN:101,marcarTodasComoLidas
FN:106,excluir
FN:111,(anonymous_11)
FN:128,coletarAlertas
FN:281,(anonymous_13)
FNF:14
FNH:0
FNDA:0,useNotificacoes
FNDA:0,(anonymous_1)
FNDA:0,(anonymous_2)
FNDA:0,(anonymous_3)
FNDA:0,onSync
FNDA:0,(anonymous_5)
FNDA:0,(anonymous_6)
FNDA:0,(anonymous_7)
FNDA:0,marcarComoLida
FNDA:0,marcarTodasComoLidas
FNDA:0,excluir
FNDA:0,(anonymous_11)
FNDA:0,coletarAlertas
FNDA:0,(anonymous_13)
DA:14,0
DA:15,0
DA:16,0
DA:17,0
DA:19,0
DA:21,0
DA:22,0
DA:23,0
DA:24,0
DA:25,0
DA:26,0
DA:30,0
DA:31,0
DA:33,0
DA:35,0
DA:39,0
DA:42,0
DA:43,0
DA:44,0
DA:45,0
DA:50,0
DA:51,0
DA:52,0
DA:53,0
DA:54,0
DA:57,0
DA:58,0
DA:59,0
DA:60,0
DA:64,0
DA:65,0
DA:66,0
DA:67,0
DA:81,0
DA:82,0
DA:83,0
DA:84,0
DA:89,0
DA:92,0
DA:97,0
DA:98,0
DA:102,0
DA:103,0
DA:107,0
DA:108,0
DA:111,0
DA:113,0
DA:129,0
DA:130,0
DA:131,0
DA:134,0
DA:135,0
DA:136,0
DA:137,0
DA:138,0
DA:139,0
DA:141,0
DA:142,0
DA:150,0
DA:151,0
DA:159,0
DA:160,0
DA:173,0
DA:174,0
DA:175,0
DA:176,0
DA:177,0
DA:178,0
DA:180,0
DA:181,0
DA:189,0
DA:190,0
DA:203,0
DA:204,0
DA:205,0
DA:206,0
DA:207,0
DA:208,0
DA:210,0
DA:211,0
DA:219,0
DA:220,0
DA:233,0
DA:234,0
DA:235,0
DA:236,0
DA:237,0
DA:238,0
DA:239,0
DA:240,0
DA:242,0
DA:254,0
DA:255,0
DA:256,0
DA:257,0
DA:262,0
DA:268,0
DA:280,0
DA:281,0
DA:283,0
LF:100
LH:0
BRDA:19,0,0,0
BRDA:19,0,1,0
BRDA:22,1,0,0
BRDA:22,1,1,0
BRDA:30,2,0,0
BRDA:30,2,1,0
BRDA:31,3,0,0
BRDA:31,3,1,0
BRDA:43,4,0,0
BRDA:43,4,1,0
BRDA:51,5,0,0
BRDA:51,5,1,0
BRDA:51,6,0,0
BRDA:51,6,1,0
BRDA:59,7,0,0
BRDA:59,7,1,0
BRDA:65,8,0,0
BRDA:65,8,1,0
BRDA:66,9,0,0
BRDA:66,9,1,0
BRDA:75,10,0,0
BRDA:75,10,1,0
BRDA:81,11,0,0
BRDA:81,11,1,0
BRDA:83,12,0,0
BRDA:83,12,1,0
BRDA:83,13,0,0
BRDA:83,13,1,0
BRDA:137,14,0,0
BRDA:137,14,1,0
BRDA:141,15,0,0
BRDA:141,15,1,0
BRDA:145,16,0,0
BRDA:145,16,1,0
BRDA:150,17,0,0
BRDA:150,17,1,0
BRDA:154,18,0,0
BRDA:154,18,1,0
BRDA:159,19,0,0
BRDA:159,19,1,0
BRDA:163,20,0,0
BRDA:163,20,1,0
BRDA:176,21,0,0
BRDA:176,21,1,0
BRDA:180,22,0,0
BRDA:180,22,1,0
BRDA:183,23,0,0
BRDA:183,23,1,0
BRDA:189,24,0,0
BRDA:189,24,1,0
BRDA:192,25,0,0
BRDA:192,25,1,0
BRDA:206,26,0,0
BRDA:206,26,1,0
BRDA:210,27,0,0
BRDA:210,27,1,0
BRDA:214,28,0,0
BRDA:214,28,1,0
BRDA:219,29,0,0
BRDA:219,29,1,0
BRDA:223,30,0,0
BRDA:223,30,1,0
BRDA:236,31,0,0
BRDA:236,31,1,0
BRDA:236,32,0,0
BRDA:236,32,1,0
BRDA:239,33,0,0
BRDA:239,33,1,0
BRDA:240,34,0,0
BRDA:240,34,1,0
BRDA:245,35,0,0
BRDA:245,35,1,0
BRDA:270,36,0,0
BRDA:270,36,1,0
BRDA:271,37,0,0
BRDA:271,37,1,0
BRDA:272,38,0,0
BRDA:272,38,1,0
BRDA:281,39,0,0
BRDA:281,39,1,0
BRDA:281,40,0,0
BRDA:281,40,1,0
BRF:82
BRH:0
end_of_record
TN:
SF:src/hooks/useOcorrencias.js
FN:4,useOcorrencias
FN:9,(anonymous_1)
FN:25,(anonymous_2)
FN:27,registrarOcorrencia
FN:33,editarOcorrencia
FNF:5
FNH:0
FNDA:0,useOcorrencias
FNDA:0,(anonymous_1)
FNDA:0,(anonymous_2)
FNDA:0,registrarOcorrencia
FNDA:0,editarOcorrencia
DA:5,0
DA:6,0
DA:7,0
DA:9,0
DA:10,0
DA:11,0
DA:12,0
DA:13,0
DA:14,0
DA:17,0
DA:19,0
DA:21,0
DA:25,0
DA:28,0
DA:29,0
DA:30,0
DA:34,0
DA:35,0
DA:36,0
DA:39,0
LF:20
LH:0
BRDA:4,0,0,0
BRDA:10,1,0,0
BRDA:10,1,1,0
BRDA:14,2,0,0
BRDA:14,2,1,0
BRF:5
BRH:0
end_of_record
TN:
SF:src/hooks/usePermissao.js
FN:4,usePermissao
FNF:1
FNH:0
FNDA:0,usePermissao
DA:5,0
DA:7,0
LF:2
LH:0
BRDA:12,0,0,0
BRDA:12,0,1,0
BRDA:13,1,0,0
BRDA:13,1,1,0
BRF:4
BRH:0
end_of_record
TN:
SF:src/hooks/usePesagemAnalise.js
FN:10,useSeriePesoAnimal
FN:15,(anonymous_1)
FN:29,(anonymous_2)
FN:31,(anonymous_3)
FN:32,onSync
FN:34,(anonymous_5)
FN:42,useSeriePesoPropriedade
FN:47,(anonymous_7)
FN:61,(anonymous_8)
FN:63,(anonymous_9)
FN:64,onSync
FN:66,(anonymous_11)
FN:76,useRankingGmdAnimais
FN:81,(anonymous_13)
FN:95,(anonymous_14)
FN:97,(anonymous_15)
FN:98,onSync
FN:100,(anonymous_17)
FN:109,useMediaHistoricaGmdPropriedade
FN:119,(anonymous_19)
FN:133,(anonymous_20)
FN:135,(anonymous_21)
FN:136,onSync
FN:138,(anonymous_23)
FN:147,useAlertasCortePropriedade
FN:152,(anonymous_25)
FN:172,(anonymous_26)
FN:174,(anonymous_27)
FN:175,onSync
FN:177,(anonymous_29)
FNF:30
FNH:0
FNDA:0,useSeriePesoAnimal
FNDA:0,(anonymous_1)
FNDA:0,(anonymous_2)
FNDA:0,(anonymous_3)
FNDA:0,onSync
FNDA:0,(anonymous_5)
FNDA:0,useSeriePesoPropriedade
FNDA:0,(anonymous_7)
FNDA:0,(anonymous_8)
FNDA:0,(anonymous_9)
FNDA:0,onSync
FNDA:0,(anonymous_11)
FNDA:0,useRankingGmdAnimais
FNDA:0,(anonymous_13)
FNDA:0,(anonymous_14)
FNDA:0,(anonymous_15)
FNDA:0,onSync
FNDA:0,(anonymous_17)
FNDA:0,useMediaHistoricaGmdPropriedade
FNDA:0,(anonymous_19)
FNDA:0,(anonymous_20)
FNDA:0,(anonymous_21)
FNDA:0,onSync
FNDA:0,(anonymous_23)
FNDA:0,useAlertasCortePropriedade
FNDA:0,(anonymous_25)
FNDA:0,(anonymous_26)
FNDA:0,(anonymous_27)
FNDA:0,onSync
FNDA:0,(anonymous_29)
DA:11,0
DA:12,0
DA:13,0
DA:15,0
DA:16,0
DA:17,0
DA:18,0
DA:19,0
DA:20,0
DA:21,0
DA:23,0
DA:25,0
DA:29,0
DA:31,0
DA:32,0
DA:33,0
DA:34,0
DA:37,0
DA:43,0
DA:44,0
DA:45,0
DA:47,0
DA:48,0
DA:49,0
DA:50,0
DA:51,0
DA:52,0
DA:53,0
DA:55,0
DA:57,0
DA:61,0
DA:63,0
DA:64,0
DA:65,0
DA:66,0
DA:69,0
DA:77,0
DA:78,0
DA:79,0
DA:81,0
DA:82,0
DA:83,0
DA:84,0
DA:85,0
DA:86,0
DA:87,0
DA:89,0
DA:91,0
DA:95,0
DA:97,0
DA:98,0
DA:99,0
DA:100,0
DA:103,0
DA:110,0
DA:116,0
DA:117,0
DA:119,0
DA:120,0
DA:121,0
DA:122,0
DA:123,0
DA:124,0
DA:125,0
DA:127,0
DA:129,0
DA:133,0
DA:135,0
DA:136,0
DA:137,0
DA:138,0
DA:141,0
DA:148,0
DA:149,0
DA:150,0
DA:152,0
DA:153,0
DA:154,0
DA:155,0
DA:156,0
DA:157,0
DA:158,0
DA:159,0
DA:160,0
DA:161,0
DA:162,0
DA:164,0
DA:166,0
DA:168,0
DA:172,0
DA:174,0
DA:175,0
DA:176,0
DA:177,0
DA:180,0
LF:95
LH:0
BRDA:10,0,0,0
BRDA:16,1,0,0
BRDA:16,1,1,0
BRDA:16,2,0,0
BRDA:16,2,1,0
BRDA:23,3,0,0
BRDA:23,3,1,0
BRDA:32,4,0,0
BRDA:32,4,1,0
BRDA:32,5,0,0
BRDA:32,5,1,0
BRDA:42,6,0,0
BRDA:48,7,0,0
BRDA:48,7,1,0
BRDA:55,8,0,0
BRDA:55,8,1,0
BRDA:64,9,0,0
BRDA:64,9,1,0
BRDA:76,10,0,0
BRDA:82,11,0,0
BRDA:82,11,1,0
BRDA:89,12,0,0
BRDA:89,12,1,0
BRDA:98,13,0,0
BRDA:98,13,1,0
BRDA:120,14,0,0
BRDA:120,14,1,0
BRDA:127,15,0,0
BRDA:127,15,1,0
BRDA:136,16,0,0
BRDA:136,16,1,0
BRDA:153,17,0,0
BRDA:153,17,1,0
BRDA:160,18,0,0
BRDA:160,18,1,0
BRDA:161,19,0,0
BRDA:161,19,1,0
BRDA:162,20,0,0
BRDA:162,20,1,0
BRDA:166,21,0,0
BRDA:166,21,1,0
BRDA:175,22,0,0
BRDA:175,22,1,0
BRF:43
BRH:0
end_of_record
TN:
SF:src/hooks/usePesagens.js
FN:4,calcularGMD
FN:7,(anonymous_1)
FN:21,usePesagens
FN:26,(anonymous_3)
FN:40,(anonymous_4)
FN:43,(anonymous_5)
FN:49,(anonymous_6)
FN:50,(anonymous_7)
FN:60,registrarPesagem
FNF:9
FNH:0
FNDA:0,calcularGMD
FNDA:0,(anonymous_1)
FNDA:0,usePesagens
FNDA:0,(anonymous_3)
FNDA:0,(anonymous_4)
FNDA:0,(anonymous_5)
FNDA:0,(anonymous_6)
FNDA:0,(anonymous_7)
FNDA:0,registrarPesagem
DA:5,0
DA:7,0
DA:8,0
DA:9,0
DA:10,0
DA:12,0
DA:14,0
DA:15,0
DA:16,0
DA:17,0
DA:18,0
DA:22,0
DA:23,0
DA:24,0
DA:26,0
DA:27,0
DA:28,0
DA:29,0
DA:30,0
DA:31,0
DA:32,0
DA:34,0
DA:36,0
DA:40,0
DA:42,0
DA:43,0
DA:46,0
DA:48,0
DA:50,0
DA:51,0
DA:52,0
DA:53,0
DA:54,0
DA:55,0
DA:56,0
DA:61,0
DA:62,0
DA:63,0
DA:66,0
LF:39
LH:0
BRDA:5,0,0,0
BRDA:5,0,1,0
BRDA:5,1,0,0
BRDA:5,1,1,0
BRDA:10,2,0,0
BRDA:10,2,1,0
BRDA:14,3,0,0
BRDA:14,3,1,0
BRDA:15,4,0,0
BRDA:15,4,1,0
BRDA:16,5,0,0
BRDA:16,5,1,0
BRDA:17,6,0,0
BRDA:17,6,1,0
BRDA:27,7,0,0
BRDA:27,7,1,0
BRDA:42,8,0,0
BRDA:42,8,1,0
BRDA:48,9,0,0
BRDA:48,9,1,0
BRDA:51,10,0,0
BRDA:51,10,1,0
BRDA:53,11,0,0
BRDA:53,11,1,0
BRDA:54,12,0,0
BRDA:54,12,1,0
BRDA:55,13,0,0
BRDA:55,13,1,0
BRF:28
BRH:0
end_of_record
TN:
SF:src/hooks/useProducaoLeite.js
FN:4,useProducaoLeite
FN:9,(anonymous_1)
FN:27,(anonymous_2)
FN:29,registrarOrdenha
FN:38,excluirOrdenha
FN:53,useProducaoLeitePropriedade
FN:59,(anonymous_6)
FN:82,(anonymous_7)
FNF:8
FNH:0
FNDA:0,useProducaoLeite
FNDA:0,(anonymous_1)
FNDA:0,(anonymous_2)
FNDA:0,registrarOrdenha
FNDA:0,excluirOrdenha
FNDA:0,useProducaoLeitePropriedade
FNDA:0,(anonymous_6)
FNDA:0,(anonymous_7)
DA:5,0
DA:6,0
DA:7,0
DA:9,0
DA:10,0
DA:11,0
DA:12,0
DA:13,0
DA:15,0
DA:16,0
DA:17,0
DA:18,0
DA:19,0
DA:21,0
DA:23,0
DA:27,0
DA:30,0
DA:34,0
DA:35,0
DA:39,0
DA:40,0
DA:43,0
DA:54,0
DA:55,0
DA:56,0
DA:57,0
DA:59,0
DA:60,0
DA:61,0
DA:62,0
DA:63,0
DA:64,0
DA:66,0
DA:67,0
DA:68,0
DA:69,0
DA:73,0
DA:74,0
DA:76,0
DA:78,0
DA:82,0
DA:84,0
LF:42
LH:0
BRDA:10,0,0,0
BRDA:10,0,1,0
BRDA:19,1,0,0
BRDA:19,1,1,0
BRDA:21,2,0,0
BRDA:21,2,1,0
BRDA:32,3,0,0
BRDA:32,3,1,0
BRDA:60,4,0,0
BRDA:60,4,1,0
BRDA:73,5,0,0
BRDA:73,5,1,0
BRDA:74,6,0,0
BRDA:74,6,1,0
BRDA:76,7,0,0
BRDA:76,7,1,0
BRF:16
BRH:0
end_of_record
TN:
SF:src/hooks/useProducaoLeiteAnalise.js
FN:9,useSerieAnimal
FN:14,(anonymous_1)
FN:28,(anonymous_2)
FN:31,(anonymous_3)
FN:32,onSync
FN:34,(anonymous_5)
FN:42,useSeriePropriedade
FN:47,(anonymous_7)
FN:61,(anonymous_8)
FN:63,(anonymous_9)
FN:64,onSync
FN:66,(anonymous_11)
FN:76,useComparativoAnimais
FN:81,(anonymous_13)
FN:87,(anonymous_14)
FN:100,(anonymous_15)
FN:102,(anonymous_16)
FN:103,onSync
FN:105,(anonymous_18)
FN:114,useMediaHistoricaPropriedade
FN:123,(anonymous_20)
FN:137,(anonymous_21)
FN:139,(anonymous_22)
FN:140,onSync
FN:142,(anonymous_24)
FN:151,useAlertasQuedaLeite
FN:156,(anonymous_26)
FN:162,(anonymous_27)
FN:177,(anonymous_28)
FN:179,(anonymous_29)
FN:180,onSync
FN:182,(anonymous_31)
FNF:32
FNH:0
FNDA:0,useSerieAnimal
FNDA:0,(anonymous_1)
FNDA:0,(anonymous_2)
FNDA:0,(anonymous_3)
FNDA:0,onSync
FNDA:0,(anonymous_5)
FNDA:0,useSeriePropriedade
FNDA:0,(anonymous_7)
FNDA:0,(anonymous_8)
FNDA:0,(anonymous_9)
FNDA:0,onSync
FNDA:0,(anonymous_11)
FNDA:0,useComparativoAnimais
FNDA:0,(anonymous_13)
FNDA:0,(anonymous_14)
FNDA:0,(anonymous_15)
FNDA:0,(anonymous_16)
FNDA:0,onSync
FNDA:0,(anonymous_18)
FNDA:0,useMediaHistoricaPropriedade
FNDA:0,(anonymous_20)
FNDA:0,(anonymous_21)
FNDA:0,(anonymous_22)
FNDA:0,onSync
FNDA:0,(anonymous_24)
FNDA:0,useAlertasQuedaLeite
FNDA:0,(anonymous_26)
FNDA:0,(anonymous_27)
FNDA:0,(anonymous_28)
FNDA:0,(anonymous_29)
FNDA:0,onSync
FNDA:0,(anonymous_31)
DA:10,0
DA:11,0
DA:12,0
DA:14,0
DA:15,0
DA:16,0
DA:17,0
DA:18,0
DA:19,0
DA:20,0
DA:22,0
DA:24,0
DA:28,0
DA:31,0
DA:32,0
DA:33,0
DA:34,0
DA:37,0
DA:43,0
DA:44,0
DA:45,0
DA:47,0
DA:48,0
DA:49,0
DA:50,0
DA:51,0
DA:52,0
DA:53,0
DA:55,0
DA:57,0
DA:61,0
DA:63,0
DA:64,0
DA:65,0
DA:66,0
DA:69,0
DA:77,0
DA:78,0
DA:79,0
DA:81,0
DA:82,0
DA:83,0
DA:84,0
DA:85,0
DA:86,0
DA:87,0
DA:88,0
DA:89,0
DA:90,0
DA:92,0
DA:94,0
DA:96,0
DA:100,0
DA:102,0
DA:103,0
DA:104,0
DA:105,0
DA:108,0
DA:115,0
DA:120,0
DA:121,0
DA:123,0
DA:124,0
DA:125,0
DA:126,0
DA:127,0
DA:128,0
DA:129,0
DA:131,0
DA:133,0
DA:137,0
DA:139,0
DA:140,0
DA:141,0
DA:142,0
DA:145,0
DA:152,0
DA:153,0
DA:154,0
DA:156,0
DA:157,0
DA:158,0
DA:159,0
DA:160,0
DA:161,0
DA:162,0
DA:163,0
DA:164,0
DA:165,0
DA:166,0
DA:167,0
DA:169,0
DA:171,0
DA:173,0
DA:177,0
DA:179,0
DA:180,0
DA:181,0
DA:182,0
DA:185,0
LF:100
LH:0
BRDA:9,0,0,0
BRDA:15,1,0,0
BRDA:15,1,1,0
BRDA:15,2,0,0
BRDA:15,2,1,0
BRDA:22,3,0,0
BRDA:22,3,1,0
BRDA:32,4,0,0
BRDA:32,4,1,0
BRDA:32,5,0,0
BRDA:32,5,1,0
BRDA:42,6,0,0
BRDA:48,7,0,0
BRDA:48,7,1,0
BRDA:55,8,0,0
BRDA:55,8,1,0
BRDA:64,9,0,0
BRDA:64,9,1,0
BRDA:76,10,0,0
BRDA:82,11,0,0
BRDA:82,11,1,0
BRDA:89,12,0,0
BRDA:89,12,1,0
BRDA:94,13,0,0
BRDA:94,13,1,0
BRDA:103,14,0,0
BRDA:103,14,1,0
BRDA:124,15,0,0
BRDA:124,15,1,0
BRDA:131,16,0,0
BRDA:131,16,1,0
BRDA:140,17,0,0
BRDA:140,17,1,0
BRDA:157,18,0,0
BRDA:157,18,1,0
BRDA:163,19,0,0
BRDA:163,19,1,0
BRDA:163,20,0,0
BRDA:163,20,1,0
BRDA:165,21,0,0
BRDA:165,21,1,0
BRDA:166,22,0,0
BRDA:166,22,1,0
BRDA:171,23,0,0
BRDA:171,23,1,0
BRDA:180,24,0,0
BRDA:180,24,1,0
BRF:47
BRH:0
end_of_record
TN:
SF:src/hooks/useReproducao.js
FN:6,useReproducao
FN:11,(anonymous_1)
FN:25,(anonymous_2)
FN:27,(anonymous_3)
FN:33,statusGestacao
FN:44,registrarCobertura
FN:50,confirmarPrenhez
FN:56,registrarParto
FNF:8
FNH:0
FNDA:0,useReproducao
FNDA:0,(anonymous_1)
FNDA:0,(anonymous_2)
FNDA:0,(anonymous_3)
FNDA:0,statusGestacao
FNDA:0,registrarCobertura
FNDA:0,confirmarPrenhez
FNDA:0,registrarParto
DA:7,0
DA:8,0
DA:9,0
DA:11,0
DA:12,0
DA:13,0
DA:14,0
DA:15,0
DA:16,0
DA:17,0
DA:19,0
DA:21,0
DA:25,0
DA:27,0
DA:29,0
DA:34,0
DA:35,0
DA:36,0
DA:37,0
DA:38,0
DA:39,0
DA:40,0
DA:41,0
DA:45,0
DA:46,0
DA:47,0
DA:51,0
DA:52,0
DA:53,0
DA:57,0
DA:58,0
DA:59,0
DA:62,0
LF:33
LH:0
BRDA:12,0,0,0
BRDA:12,0,1,0
BRDA:27,1,0,0
BRDA:27,1,1,0
BRDA:29,2,0,0
BRDA:29,2,1,0
BRDA:34,3,0,0
BRDA:34,3,1,0
BRDA:36,4,0,0
BRDA:36,4,1,0
BRDA:37,5,0,0
BRDA:37,5,1,0
BRDA:38,6,0,0
BRDA:38,6,1,0
BRDA:39,7,0,0
BRDA:39,7,1,0
BRDA:40,8,0,0
BRDA:40,8,1,0
BRDA:56,9,0,0
BRF:19
BRH:0
end_of_record
TN:
SF:src/hooks/useSync.js
FN:15,useSync
FN:27,(anonymous_1)
FN:36,(anonymous_2)
FN:45,(anonymous_3)
FN:79,(anonymous_4)
FN:80,onOnline
FN:82,(anonymous_6)
FN:84,onOffline
FN:90,(anonymous_8)
FN:97,(anonymous_9)
FNF:10
FNH:0
FNDA:0,useSync
FNDA:0,(anonymous_1)
FNDA:0,(anonymous_2)
FNDA:0,(anonymous_3)
FNDA:0,(anonymous_4)
FNDA:0,onOnline
FNDA:0,(anonymous_6)
FNDA:0,onOffline
FNDA:0,(anonymous_8)
FNDA:0,(anonymous_9)
DA:16,0
DA:17,0
DA:18,0
DA:19,0
DA:20,0
DA:25,0
DA:27,0
DA:28,0
DA:29,0
DA:30,0
DA:32,0
DA:36,0
DA:37,0
DA:38,0
DA:39,0
DA:41,0
DA:45,0
DA:46,0
DA:47,0
DA:48,0
DA:49,0
DA:51,0
DA:52,0
DA:53,0
DA:56,0
DA:57,0
DA:58,0
DA:60,0
DA:61,0
DA:62,0
DA:63,0
DA:65,0
DA:66,0
DA:67,0
DA:68,0
DA:70,0
DA:73,0
DA:74,0
DA:79,0
DA:81,0
DA:82,0
DA:85,0
DA:86,0
DA:88,0
DA:89,0
DA:90,0
DA:91,0
DA:92,0
DA:97,0
DA:98,0
DA:99,0
DA:102,0
LF:52
LH:0
BRDA:21,0,0,0
BRDA:21,0,1,0
BRDA:46,1,0,0
BRDA:46,1,1,0
BRDA:47,2,0,0
BRDA:47,2,1,0
BRDA:51,3,0,0
BRDA:51,3,1,0
BRDA:66,4,0,0
BRDA:66,4,1,0
BRDA:67,5,0,0
BRDA:67,5,1,0
BRDA:82,6,0,0
BRDA:82,6,1,0
BRF:14
BRH:0
end_of_record
TN:
SF:src/hooks/useVacinas.js
FN:4,useVacinas
FN:9,(anonymous_1)
FN:25,(anonymous_2)
FN:30,(anonymous_3)
FN:37,(anonymous_4)
FN:43,registrarVacina
FN:49,editarVacina
FN:55,excluirVacina
FNF:8
FNH:0
FNDA:0,useVacinas
FNDA:0,(anonymous_1)
FNDA:0,(anonymous_2)
FNDA:0,(anonymous_3)
FNDA:0,(anonymous_4)
FNDA:0,registrarVacina
FNDA:0,editarVacina
FNDA:0,excluirVacina
DA:5,0
DA:6,0
DA:7,0
DA:9,0
DA:10,0
DA:11,0
DA:12,0
DA:13,0
DA:14,0
DA:17,0
DA:19,0
DA:21,0
DA:25,0
DA:27,0
DA:28,0
DA:30,0
DA:31,0
DA:32,0
DA:33,0
DA:34,0
DA:37,0
DA:38,0
DA:39,0
DA:40,0
DA:44,0
DA:45,0
DA:46,0
DA:50,0
DA:51,0
DA:52,0
DA:56,0
DA:57,0
DA:60,0
LF:33
LH:0
BRDA:4,0,0,0
BRDA:10,1,0,0
BRDA:10,1,1,0
BRDA:14,2,0,0
BRDA:14,2,1,0
BRDA:31,3,0,0
BRDA:31,3,1,0
BRDA:34,4,0,0
BRDA:34,4,1,0
BRDA:38,5,0,0
BRDA:38,5,1,0
BRF:11
BRH:0
end_of_record
TN:
SF:src/hooks/useVacinasObrigatorias.js
FN:8,useVacinasObrigatorias
FN:13,(anonymous_1)
FN:37,(anonymous_2)
FN:39,registrarVacinaObrigatoria
FN:45,editarVacinaObrigatoria
FN:50,desativarVacinaObrigatoria
FNF:6
FNH:0
FNDA:0,useVacinasObrigatorias
FNDA:0,(anonymous_1)
FNDA:0,(anonymous_2)
FNDA:0,registrarVacinaObrigatoria
FNDA:0,editarVacinaObrigatoria
FNDA:0,desativarVacinaObrigatoria
DA:9,0
DA:10,0
DA:11,0
DA:13,0
DA:14,0
DA:15,0
DA:16,0
DA:17,0
DA:19,0
DA:20,0
DA:21,0
DA:22,0
DA:23,0
DA:27,0
DA:29,0
DA:31,0
DA:33,0
DA:37,0
DA:40,0
DA:41,0
DA:42,0
DA:46,0
DA:47,0
DA:51,0
DA:52,0
DA:55,0
LF:26
LH:0
BRDA:8,0,0,0
BRDA:14,1,0,0
BRDA:14,1,1,0
BRDA:19,2,0,0
BRDA:19,2,1,0
BRDA:21,3,0,0
BRDA:21,3,1,0
BRDA:22,4,0,0
BRDA:22,4,1,0
BRF:9
BRH:0
end_of_record
TN:
SF:src/pages/AnimalRegistration/index.jsx
FN:11,validarForm
FN:39,CadastroAnimal
FN:53,handleChange
FN:55,(anonymous_3)
FN:56,(anonymous_4)
FN:61,handleSubmit
FN:101,handleLimpar
FN:108,handleNav
FN:132,(anonymous_8)
FN:166,(anonymous_9)
FN:188,(anonymous_10)
FN:310,(anonymous_11)
FN:310,(anonymous_12)
FN:329,(anonymous_13)
FN:329,(anonymous_14)
FN:371,(anonymous_15)
FN:384,(anonymous_16)
FN:388,(anonymous_17)
FN:391,(anonymous_18)
FNF:19
FNH:0
FNDA:0,validarForm
FNDA:0,CadastroAnimal
FNDA:0,handleChange
FNDA:0,(anonymous_3)
FNDA:0,(anonymous_4)
FNDA:0,handleSubmit
FNDA:0,handleLimpar
FNDA:0,handleNav
FNDA:0,(anonymous_8)
FNDA:0,(anonymous_9)
FNDA:0,(anonymous_10)
FNDA:0,(anonymous_11)
FNDA:0,(anonymous_12)
FNDA:0,(anonymous_13)
FNDA:0,(anonymous_14)
FNDA:0,(anonymous_15)
FNDA:0,(anonymous_16)
FNDA:0,(anonymous_17)
FNDA:0,(anonymous_18)
DA:12,0
DA:13,0
DA:14,0
DA:15,0
DA:16,0
DA:17,0
DA:18,0
DA:19,0
DA:20,0
DA:21,0
DA:24,0
DA:40,0
DA:41,0
DA:43,0
DA:45,0
DA:46,0
DA:47,0
DA:48,0
DA:49,0
DA:50,0
DA:51,0
DA:54,0
DA:55,0
DA:56,0
DA:57,0
DA:58,0
DA:62,0
DA:63,0
DA:64,0
DA:66,0
DA:67,0
DA:68,0
DA:69,0
DA:72,0
DA:73,0
DA:74,0
DA:89,0
DA:90,0
DA:91,0
DA:93,0
DA:95,0
DA:97,0
DA:102,0
DA:103,0
DA:104,0
DA:105,0
DA:109,0
DA:110,0
DA:111,0
DA:112,0
DA:113,0
DA:114,0
DA:115,0
DA:116,0
DA:117,0
DA:118,0
DA:119,0
DA:120,0
DA:122,0
DA:126,0
DA:132,0
DA:167,0
DA:189,0
DA:310,0
DA:311,0
DA:329,0
DA:330,0
DA:371,0
DA:385,0
DA:388,0
DA:391,0
LF:71
LH:0
BRDA:13,0,0,0
BRDA:13,0,1,0
BRDA:14,1,0,0
BRDA:14,1,1,0
BRDA:15,2,0,0
BRDA:15,2,1,0
BRDA:16,3,0,0
BRDA:16,3,1,0
BRDA:17,4,0,0
BRDA:17,4,1,0
BRDA:18,5,0,0
BRDA:18,5,1,0
BRDA:18,6,0,0
BRDA:18,6,1,0
BRDA:19,7,0,0
BRDA:19,7,1,0
BRDA:20,8,0,0
BRDA:20,8,1,0
BRDA:56,9,0,0
BRDA:56,9,1,0
BRDA:67,10,0,0
BRDA:67,10,1,0
BRDA:85,11,0,0
BRDA:85,11,1,0
BRDA:86,12,0,0
BRDA:86,12,1,0
BRDA:95,13,0,0
BRDA:95,13,1,0
BRDA:109,14,0,0
BRDA:109,14,1,0
BRDA:111,15,0,0
BRDA:111,15,1,0
BRDA:113,16,0,0
BRDA:113,16,1,0
BRDA:115,17,0,0
BRDA:115,17,1,0
BRDA:117,18,0,0
BRDA:117,18,1,0
BRDA:119,19,0,0
BRDA:119,19,1,0
BRDA:161,20,0,0
BRDA:161,20,1,0
BRDA:172,21,0,0
BRDA:172,21,1,0
BRDA:183,22,0,0
BRDA:183,22,1,0
BRDA:190,23,0,0
BRDA:190,23,1,0
BRDA:194,24,0,0
BRDA:194,24,1,0
BRDA:311,25,0,0
BRDA:311,25,1,0
BRDA:311,25,2,0
BRDA:330,26,0,0
BRDA:330,26,1,0
BRDA:330,26,2,0
BRDA:344,27,0,0
BRDA:344,27,1,0
BRDA:350,28,0,0
BRDA:350,28,1,0
BRDA:376,29,0,0
BRDA:376,29,1,0
BRDA:378,30,0,0
BRDA:378,30,1,0
BRDA:391,31,0,0
BRDA:391,31,1,0
BRDA:395,32,0,0
BRDA:395,32,1,0
BRDA:395,33,0,0
BRDA:395,33,1,0
BRDA:400,34,0,0
BRDA:400,34,1,0
BRDA:400,35,0,0
BRDA:400,35,1,0
BRDA:400,36,0,0
BRDA:400,36,1,0
BRDA:404,37,0,0
BRDA:404,37,1,0
BRF:78
BRH:0
end_of_record
TN:
SF:src/pages/ArvoreGenealogica/index.jsx
FN:8,NoAnimal
FN:25,(anonymous_1)
FN:38,LinhaAvos
FN:70,LinhaPais
FN:83,LinhaFilhos
FN:90,(anonymous_5)
FN:101,expandirAncestrais
FN:120,ArvoreGenealogica
FN:132,(anonymous_8)
FN:154,(anonymous_9)
FN:170,(anonymous_10)
FN:173,(anonymous_11)
FN:183,handleClickNo
FN:194,(anonymous_13)
FN:214,(anonymous_14)
FN:246,(anonymous_15)
FN:291,(anonymous_16)
FN:304,(anonymous_17)
FNF:18
FNH:0
FNDA:0,NoAnimal
FNDA:0,(anonymous_1)
FNDA:0,LinhaAvos
FNDA:0,LinhaPais
FNDA:0,LinhaFilhos
FNDA:0,(anonymous_5)
FNDA:0,expandirAncestrais
FNDA:0,ArvoreGenealogica
FNDA:0,(anonymous_8)
FNDA:0,(anonymous_9)
FNDA:0,(anonymous_10)
FNDA:0,(anonymous_11)
FNDA:0,handleClickNo
FNDA:0,(anonymous_13)
FNDA:0,(anonymous_14)
FNDA:0,(anonymous_15)
FNDA:0,(anonymous_16)
FNDA:0,(anonymous_17)
DA:9,0
DA:10,0
DA:18,0
DA:19,0
DA:20,0
DA:22,0
DA:25,0
DA:39,0
DA:40,0
DA:42,0
DA:71,0
DA:84,0
DA:85,0
DA:91,0
DA:102,0
DA:105,0
DA:106,0
DA:109,0
DA:110,0
DA:112,0
DA:121,0
DA:122,0
DA:125,0
DA:128,0
DA:129,0
DA:130,0
DA:132,0
DA:133,0
DA:134,0
DA:135,0
DA:136,0
DA:138,0
DA:139,0
DA:140,0
DA:141,0
DA:142,0
DA:146,0
DA:149,0
DA:150,0
DA:151,0
DA:152,0
DA:153,0
DA:154,0
DA:158,0
DA:162,0
DA:164,0
DA:166,0
DA:170,0
DA:173,0
DA:174,0
DA:175,0
DA:180,0
DA:181,0
DA:184,0
DA:185,0
DA:190,0
DA:191,0
DA:194,0
DA:210,0
DA:211,0
DA:214,0
DA:237,0
DA:238,0
DA:239,0
DA:240,0
DA:242,0
DA:246,0
DA:291,0
DA:304,0
LF:69
LH:0
BRDA:9,0,0,0
BRDA:9,0,1,0
BRDA:19,1,0,0
BRDA:19,1,1,0
BRDA:20,2,0,0
BRDA:20,2,1,0
BRDA:20,2,2,0
BRDA:24,3,0,0
BRDA:24,3,1,0
BRDA:29,4,0,0
BRDA:29,4,1,0
BRDA:30,5,0,0
BRDA:30,5,1,0
BRDA:30,5,2,0
BRDA:31,6,0,0
BRDA:31,6,1,0
BRDA:32,7,0,0
BRDA:32,7,1,0
BRDA:39,8,0,0
BRDA:39,8,1,0
BRDA:40,9,0,0
BRDA:40,9,1,0
BRDA:44,10,0,0
BRDA:44,10,1,0
BRDA:44,10,2,0
BRDA:47,11,0,0
BRDA:47,11,1,0
BRDA:48,12,0,0
BRDA:48,12,1,0
BRDA:49,13,0,0
BRDA:49,13,1,0
BRDA:49,13,2,0
BRDA:49,13,3,0
BRDA:56,14,0,0
BRDA:56,14,1,0
BRDA:57,15,0,0
BRDA:57,15,1,0
BRDA:58,16,0,0
BRDA:58,16,1,0
BRDA:58,16,2,0
BRDA:58,16,3,0
BRDA:73,17,0,0
BRDA:73,17,1,0
BRDA:73,17,2,0
BRDA:84,18,0,0
BRDA:84,18,1,0
BRDA:84,19,0,0
BRDA:84,19,1,0
BRDA:101,20,0,0
BRDA:102,21,0,0
BRDA:102,21,1,0
BRDA:102,22,0,0
BRDA:102,22,1,0
BRDA:106,23,0,0
BRDA:106,23,1,0
BRDA:109,24,0,0
BRDA:109,24,1,0
BRDA:110,25,0,0
BRDA:110,25,1,0
BRDA:133,26,0,0
BRDA:133,26,1,0
BRDA:139,27,0,0
BRDA:139,27,1,0
BRDA:150,28,0,0
BRDA:150,28,1,0
BRDA:154,29,0,0
BRDA:154,29,1,0
BRDA:174,30,0,0
BRDA:174,30,1,0
BRDA:174,31,0,0
BRDA:174,31,1,0
BRDA:180,32,0,0
BRDA:180,32,1,0
BRDA:181,33,0,0
BRDA:181,33,1,0
BRDA:184,34,0,0
BRDA:184,34,1,0
BRDA:184,35,0,0
BRDA:184,35,1,0
BRDA:190,36,0,0
BRDA:190,36,1,0
BRDA:210,37,0,0
BRDA:210,37,1,0
BRDA:210,38,0,0
BRDA:210,38,1,0
BRDA:222,39,0,0
BRDA:222,39,1,0
BRDA:237,40,0,0
BRDA:237,40,1,0
BRDA:237,40,2,0
BRDA:238,41,0,0
BRDA:238,41,1,0
BRDA:238,41,2,0
BRDA:238,41,3,0
BRDA:239,42,0,0
BRDA:239,42,1,0
BRDA:240,43,0,0
BRDA:240,43,1,0
BRDA:249,44,0,0
BRDA:249,44,1,0
BRDA:249,44,2,0
BRDA:258,45,0,0
BRDA:258,45,1,0
BRDA:263,46,0,0
BRDA:263,46,1,0
BRDA:271,47,0,0
BRDA:271,47,1,0
BRDA:283,48,0,0
BRDA:283,48,1,0
BRDA:283,48,2,0
BRDA:288,49,0,0
BRDA:288,49,1,0
BRDA:293,50,0,0
BRDA:293,50,1,0
BRDA:293,50,2,0
BRDA:293,50,3,0
BRDA:301,51,0,0
BRDA:301,51,1,0
BRDA:306,52,0,0
BRDA:306,52,1,0
BRDA:306,52,2,0
BRDA:306,52,3,0
BRDA:313,53,0,0
BRDA:313,53,1,0
BRF:124
BRH:0
end_of_record
TN:
SF:src/pages/Configuracoes/index.jsx
FN:10,Configuracoes
FN:23,(anonymous_1)
FN:24,carregarConfig
FN:41,handleToggleNotificacoes
FN:52,(anonymous_4)
FN:53,carregarMembros
FN:71,handleLogout
FN:80,(anonymous_7)
FN:103,(anonymous_8)
FN:118,(anonymous_9)
FN:122,(anonymous_10)
FN:128,(anonymous_11)
FNF:12
FNH:0
FNDA:0,Configuracoes
FNDA:0,(anonymous_1)
FNDA:0,carregarConfig
FNDA:0,handleToggleNotificacoes
FNDA:0,(anonymous_4)
FNDA:0,carregarMembros
FNDA:0,handleLogout
FNDA:0,(anonymous_7)
FNDA:0,(anonymous_8)
FNDA:0,(anonymous_9)
FNDA:0,(anonymous_10)
FNDA:0,(anonymous_11)
DA:11,0
DA:12,0
DA:13,0
DA:14,0
DA:15,0
DA:16,0
DA:19,0
DA:20,0
DA:23,0
DA:25,0
DA:26,0
DA:27,0
DA:28,0
DA:29,0
DA:34,0
DA:37,0
DA:42,0
DA:43,0
DA:44,0
DA:45,0
DA:47,0
DA:52,0
DA:54,0
DA:55,0
DA:56,0
DA:57,0
DA:58,0
DA:60,0
DA:61,0
DA:63,0
DA:66,0
DA:69,0
DA:72,0
DA:73,0
DA:74,0
DA:77,0
DA:80,0
DA:103,0
DA:118,0
DA:122,0
DA:128,0
LF:41
LH:0
BRDA:25,0,0,0
BRDA:25,0,1,0
BRDA:28,1,0,0
BRDA:28,1,1,0
BRDA:28,2,0,0
BRDA:28,2,1,0
BRDA:29,3,0,0
BRDA:29,3,1,0
BRDA:43,4,0,0
BRDA:43,4,1,0
BRDA:54,5,0,0
BRDA:54,5,1,0
BRDA:85,6,0,0
BRDA:85,6,1,0
BRDA:92,7,0,0
BRDA:92,7,1,0
BRDA:98,8,0,0
BRDA:98,8,1,0
BRDA:99,9,0,0
BRDA:99,9,1,0
BRDA:150,10,0,0
BRDA:150,10,1,0
BRDA:163,11,0,0
BRDA:163,11,1,0
BRDA:163,12,0,0
BRDA:163,12,1,0
BRF:26
BRH:0
end_of_record
TN:
SF:src/pages/Configuracoes/SecaoSync/index.jsx
FN:14,SecaoSync
FN:26,labelStatus
FN:34,classeStatus
FN:42,descricaoStatus
FN:102,formatarRelativo
FNF:5
FNH:0
FNDA:0,SecaoSync
FNDA:0,labelStatus
FNDA:0,classeStatus
FNDA:0,descricaoStatus
FNDA:0,formatarRelativo
DA:22,0
DA:24,0
DA:27,0
DA:28,0
DA:29,0
DA:30,0
DA:31,0
DA:35,0
DA:36,0
DA:37,0
DA:38,0
DA:39,0
DA:43,0
DA:44,0
DA:45,0
DA:47,0
DA:50,0
DA:103,0
DA:104,0
DA:105,0
DA:106,0
DA:107,0
LF:22
LH:0
BRDA:27,0,0,0
BRDA:27,0,1,0
BRDA:28,1,0,0
BRDA:28,1,1,0
BRDA:29,2,0,0
BRDA:29,2,1,0
BRDA:29,3,0,0
BRDA:29,3,1,0
BRDA:30,4,0,0
BRDA:30,4,1,0
BRDA:30,5,0,0
BRDA:30,5,1,0
BRDA:35,6,0,0
BRDA:35,6,1,0
BRDA:36,7,0,0
BRDA:36,7,1,0
BRDA:37,8,0,0
BRDA:37,8,1,0
BRDA:37,9,0,0
BRDA:37,9,1,0
BRDA:38,10,0,0
BRDA:38,10,1,0
BRDA:43,11,0,0
BRDA:43,11,1,0
BRDA:43,12,0,0
BRDA:43,12,1,0
BRDA:44,13,0,0
BRDA:44,13,1,0
BRDA:72,14,0,0
BRDA:72,14,1,0
BRDA:74,15,0,0
BRDA:74,15,1,0
BRDA:82,16,0,0
BRDA:82,16,1,0
BRDA:87,17,0,0
BRDA:87,17,1,0
BRDA:90,18,0,0
BRDA:90,18,1,0
BRDA:95,19,0,0
BRDA:95,19,1,0
BRDA:95,19,2,0
BRDA:104,20,0,0
BRDA:104,20,1,0
BRDA:105,21,0,0
BRDA:105,21,1,0
BRDA:106,22,0,0
BRDA:106,22,1,0
BRF:47
BRH:0
end_of_record
TN:
SF:src/pages/Corte/_SubpageLayout.jsx
FN:15,SubpageLayout
FN:19,handleTab
FN:20,(anonymous_2)
FN:29,handleBack
FN:44,(anonymous_4)
FN:48,(anonymous_5)
FNF:6
FNH:0
FNDA:0,SubpageLayout
FNDA:0,handleTab
FNDA:0,(anonymous_2)
FNDA:0,handleBack
FNDA:0,(anonymous_4)
FNDA:0,(anonymous_5)
DA:7,0
DA:16,0
DA:17,0
DA:20,0
DA:21,0
DA:22,0
DA:23,0
DA:25,0
DA:30,0
DA:33,0
DA:45,0
DA:48,0
LF:12
LH:0
BRDA:21,0,0,0
BRDA:21,0,1,0
BRDA:22,1,0,0
BRDA:22,1,1,0
BRDA:47,2,0,0
BRDA:47,2,1,0
BRF:6
BRH:0
end_of_record
TN:
SF:src/pages/Corte/index.jsx
FN:8,formatarData
FN:12,PropertyNavWithRoute
FN:16,(anonymous_2)
FN:31,calcularGmdLocal
FN:33,(anonymous_4)
FN:41,gmdStatus
FN:51,Corte
FN:64,(anonymous_7)
FN:72,(anonymous_8)
FN:75,(anonymous_9)
FN:84,(anonymous_10)
FN:86,(anonymous_11)
FN:89,(anonymous_12)
FN:90,onSync
FN:92,(anonymous_14)
FN:95,handleChange
FN:96,(anonymous_16)
FN:103,handleSalvar
FN:104,(anonymous_18)
FN:121,(anonymous_19)
FN:134,(anonymous_20)
FN:152,(anonymous_21)
FN:165,(anonymous_22)
FN:171,(anonymous_23)
FN:188,(anonymous_24)
FN:206,(anonymous_25)
FN:216,(anonymous_26)
FN:221,(anonymous_27)
FN:226,(anonymous_28)
FN:231,(anonymous_29)
FN:236,(anonymous_30)
FN:250,(anonymous_31)
FN:256,(anonymous_32)
FN:262,(anonymous_33)
FN:300,(anonymous_34)
FN:313,(anonymous_35)
FN:323,(anonymous_36)
FNF:37
FNH:0
FNDA:0,formatarData
FNDA:0,PropertyNavWithRoute
FNDA:0,(anonymous_2)
FNDA:0,calcularGmdLocal
FNDA:0,(anonymous_4)
FNDA:0,gmdStatus
FNDA:0,Corte
FNDA:0,(anonymous_7)
FNDA:0,(anonymous_8)
FNDA:0,(anonymous_9)
FNDA:0,(anonymous_10)
FNDA:0,(anonymous_11)
FNDA:0,(anonymous_12)
FNDA:0,onSync
FNDA:0,(anonymous_14)
FNDA:0,handleChange
FNDA:0,(anonymous_16)
FNDA:0,handleSalvar
FNDA:0,(anonymous_18)
FNDA:0,(anonymous_19)
FNDA:0,(anonymous_20)
FNDA:0,(anonymous_21)
FNDA:0,(anonymous_22)
FNDA:0,(anonymous_23)
FNDA:0,(anonymous_24)
FNDA:0,(anonymous_25)
FNDA:0,(anonymous_26)
FNDA:0,(anonymous_27)
FNDA:0,(anonymous_28)
FNDA:0,(anonymous_29)
FNDA:0,(anonymous_30)
FNDA:0,(anonymous_31)
FNDA:0,(anonymous_32)
FNDA:0,(anonymous_33)
FNDA:0,(anonymous_34)
FNDA:0,(anonymous_35)
FNDA:0,(anonymous_36)
DA:9,0
DA:13,0
DA:17,0
DA:18,0
DA:19,0
DA:20,0
DA:21,0
DA:22,0
DA:23,0
DA:24,0
DA:32,0
DA:33,0
DA:34,0
DA:35,0
DA:36,0
DA:37,0
DA:38,0
DA:42,0
DA:43,0
DA:44,0
DA:45,0
DA:46,0
DA:47,0
DA:52,0
DA:53,0
DA:54,0
DA:55,0
DA:56,0
DA:57,0
DA:58,0
DA:59,0
DA:60,0
DA:61,0
DA:64,0
DA:65,0
DA:66,0
DA:67,0
DA:68,0
DA:72,0
DA:73,0
DA:74,0
DA:75,0
DA:76,0
DA:77,0
DA:78,0
DA:80,0
DA:83,0
DA:84,0
DA:86,0
DA:89,0
DA:90,0
DA:91,0
DA:92,0
DA:96,0
DA:100,0
DA:104,0
DA:105,0
DA:106,0
DA:107,0
DA:108,0
DA:109,0
DA:119,0
DA:120,0
DA:121,0
DA:122,0
DA:125,0
DA:126,0
DA:127,0
DA:128,0
DA:129,0
DA:131,0
DA:132,0
DA:133,0
DA:134,0
DA:136,0
DA:138,0
DA:143,0
DA:144,0
DA:145,0
DA:146,0
DA:147,0
DA:148,0
DA:149,0
DA:150,0
DA:151,0
DA:152,0
DA:154,0
DA:155,0
DA:156,0
DA:157,0
DA:158,0
DA:160,0
DA:161,0
DA:164,0
DA:165,0
DA:167,0
DA:168,0
DA:171,0
DA:184,0
DA:185,0
DA:188,0
DA:203,0
DA:206,0
DA:216,0
DA:221,0
DA:226,0
DA:231,0
DA:236,0
DA:250,0
DA:257,0
DA:258,0
DA:259,0
DA:260,0
DA:261,0
DA:262,0
DA:264,0
DA:265,0
DA:266,0
DA:267,0
DA:269,0
DA:300,0
DA:313,0
DA:323,0
LF:123
LH:0
BRDA:18,0,0,0
BRDA:18,0,1,0
BRDA:19,1,0,0
BRDA:19,1,1,0
BRDA:20,2,0,0
BRDA:20,2,1,0
BRDA:21,3,0,0
BRDA:21,3,1,0
BRDA:22,4,0,0
BRDA:22,4,1,0
BRDA:23,5,0,0
BRDA:23,5,1,0
BRDA:24,6,0,0
BRDA:24,6,1,0
BRDA:32,7,0,0
BRDA:32,7,1,0
BRDA:32,8,0,0
BRDA:32,8,1,0
BRDA:37,9,0,0
BRDA:37,9,1,0
BRDA:42,10,0,0
BRDA:42,10,1,0
BRDA:43,11,0,0
BRDA:43,11,1,0
BRDA:44,12,0,0
BRDA:44,12,1,0
BRDA:45,13,0,0
BRDA:45,13,1,0
BRDA:46,14,0,0
BRDA:46,14,1,0
BRDA:65,15,0,0
BRDA:65,15,1,0
BRDA:65,16,0,0
BRDA:65,16,1,0
BRDA:66,17,0,0
BRDA:66,17,1,0
BRDA:66,18,0,0
BRDA:66,18,1,0
BRDA:67,19,0,0
BRDA:67,19,1,0
BRDA:73,20,0,0
BRDA:73,20,1,0
BRDA:78,21,0,0
BRDA:78,21,1,0
BRDA:105,22,0,0
BRDA:105,22,1,0
BRDA:107,23,0,0
BRDA:107,23,1,0
BRDA:107,24,0,0
BRDA:107,24,1,0
BRDA:108,25,0,0
BRDA:108,25,1,0
BRDA:114,26,0,0
BRDA:114,26,1,0
BRDA:114,27,0,0
BRDA:114,27,1,0
BRDA:114,27,2,0
BRDA:115,28,0,0
BRDA:115,28,1,0
BRDA:119,29,0,0
BRDA:119,29,1,0
BRDA:136,30,0,0
BRDA:136,30,1,0
BRDA:149,31,0,0
BRDA:149,31,1,0
BRDA:151,32,0,0
BRDA:151,32,1,0
BRDA:154,33,0,0
BRDA:154,33,1,0
BRDA:155,34,0,0
BRDA:155,34,1,0
BRDA:158,35,0,0
BRDA:158,35,1,0
BRDA:160,36,0,0
BRDA:160,36,1,0
BRDA:160,37,0,0
BRDA:160,37,1,0
BRDA:160,37,2,0
BRDA:164,38,0,0
BRDA:164,38,1,0
BRDA:165,39,0,0
BRDA:165,39,1,0
BRDA:167,40,0,0
BRDA:167,40,1,0
BRDA:184,41,0,0
BRDA:184,41,1,0
BRDA:242,42,0,0
BRDA:242,42,1,0
BRDA:243,43,0,0
BRDA:243,43,1,0
BRDA:257,44,0,0
BRDA:257,44,1,0
BRDA:258,45,0,0
BRDA:258,45,1,0
BRDA:261,46,0,0
BRDA:261,46,1,0
BRDA:264,47,0,0
BRDA:264,47,1,0
BRDA:265,48,0,0
BRDA:265,48,1,0
BRDA:266,49,0,0
BRDA:266,49,1,0
BRDA:266,49,2,0
BRDA:267,50,0,0
BRDA:267,50,1,0
BRDA:267,51,0,0
BRDA:267,51,1,0
BRDA:274,52,0,0
BRDA:274,52,1,0
BRDA:274,52,2,0
BRDA:278,53,0,0
BRDA:278,53,1,0
BRDA:283,54,0,0
BRDA:283,54,1,0
BRDA:285,55,0,0
BRDA:285,55,1,0
BRDA:299,56,0,0
BRDA:299,56,1,0
BRDA:312,57,0,0
BRDA:312,57,1,0
BRDA:322,58,0,0
BRDA:322,58,1,0
BRDA:329,59,0,0
BRDA:329,59,1,0
BRDA:332,60,0,0
BRDA:332,60,1,0
BRDA:363,61,0,0
BRDA:363,61,1,0
BRDA:371,62,0,0
BRDA:371,62,1,0
BRF:130
BRH:0
end_of_record
TN:
SF:src/pages/Corte/Alertas/index.jsx
FN:12,formatarKg
FN:17,formatarGmd
FN:22,formatarPct
FN:27,CorteAlertas
FN:57,(anonymous_4)
FN:63,(anonymous_5)
FN:69,(anonymous_6)
FN:78,AlertaCard
FNF:8
FNH:0
FNDA:0,formatarKg
FNDA:0,formatarGmd
FNDA:0,formatarPct
FNDA:0,CorteAlertas
FNDA:0,(anonymous_4)
FNDA:0,(anonymous_5)
FNDA:0,(anonymous_6)
FNDA:0,AlertaCard
DA:6,0
DA:13,0
DA:14,0
DA:18,0
DA:19,0
DA:23,0
DA:24,0
DA:28,0
DA:29,0
DA:31,0
DA:32,0
DA:33,0
DA:34,0
DA:36,0
DA:57,0
DA:63,0
DA:69,0
DA:80,0
DA:86,0
LF:19
LH:0
BRDA:13,0,0,0
BRDA:13,0,1,0
BRDA:18,1,0,0
BRDA:18,1,1,0
BRDA:23,2,0,0
BRDA:23,2,1,0
BRDA:31,3,0,0
BRDA:31,3,1,0
BRDA:32,4,0,0
BRDA:32,4,1,0
BRDA:33,5,0,0
BRDA:33,5,1,0
BRDA:43,6,0,0
BRDA:43,6,1,0
BRDA:44,7,0,0
BRDA:44,7,1,0
BRDA:46,8,0,0
BRDA:46,8,1,0
BRDA:46,8,2,0
BRDA:46,8,3,0
BRDA:52,9,0,0
BRDA:52,9,1,0
BRDA:52,9,2,0
BRDA:54,10,0,0
BRDA:54,10,1,0
BRDA:60,11,0,0
BRDA:60,11,1,0
BRDA:66,12,0,0
BRDA:66,12,1,0
BRDA:80,13,0,0
BRDA:80,13,1,0
BRDA:82,14,0,0
BRDA:82,14,1,0
BRDA:91,15,0,0
BRDA:91,15,1,0
BRDA:104,16,0,0
BRDA:104,16,1,0
BRF:37
BRH:0
end_of_record
TN:
SF:src/pages/Corte/Graficos/index.jsx
FN:15,CorteGraficos
FN:18,(anonymous_1)
FN:29,(anonymous_2)
FN:39,(anonymous_3)
FN:40,(anonymous_4)
FN:47,(anonymous_5)
FN:56,(anonymous_6)
FN:58,(anonymous_7)
FN:67,(anonymous_8)
FN:68,(anonymous_9)
FNF:10
FNH:0
FNDA:0,CorteGraficos
FNDA:0,(anonymous_1)
FNDA:0,(anonymous_2)
FNDA:0,(anonymous_3)
FNDA:0,(anonymous_4)
FNDA:0,(anonymous_5)
FNDA:0,(anonymous_6)
FNDA:0,(anonymous_7)
FNDA:0,(anonymous_8)
FNDA:0,(anonymous_9)
DA:9,0
DA:16,0
DA:17,0
DA:18,0
DA:19,0
DA:20,0
DA:21,0
DA:22,0
DA:25,0
DA:26,0
DA:27,0
DA:29,0
DA:30,0
DA:31,0
DA:35,0
DA:36,0
DA:38,0
DA:39,0
DA:40,0
DA:42,0
DA:47,0
DA:56,0
DA:59,0
DA:67,0
DA:69,0
LF:25
LH:0
BRDA:19,0,0,0
BRDA:19,0,1,0
BRDA:19,1,0,0
BRDA:19,1,1,0
BRDA:20,2,0,0
BRDA:20,2,1,0
BRDA:20,3,0,0
BRDA:20,3,1,0
BRDA:21,4,0,0
BRDA:21,4,1,0
BRDA:30,5,0,0
BRDA:30,5,1,0
BRDA:30,6,0,0
BRDA:30,6,1,0
BRDA:30,6,2,0
BRDA:35,7,0,0
BRDA:35,7,1,0
BRDA:36,8,0,0
BRDA:36,8,1,0
BRDA:38,9,0,0
BRDA:38,9,1,0
BRDA:39,10,0,0
BRDA:39,10,1,0
BRDA:40,11,0,0
BRDA:40,11,1,0
BRDA:53,12,0,0
BRDA:53,12,1,0
BRDA:59,13,0,0
BRDA:59,13,1,0
BRDA:75,14,0,0
BRDA:75,14,1,0
BRDA:76,15,0,0
BRDA:76,15,1,0
BRDA:78,16,0,0
BRDA:78,16,1,0
BRDA:81,17,0,0
BRDA:81,17,1,0
BRDA:81,17,2,0
BRDA:86,18,0,0
BRDA:86,18,1,0
BRF:40
BRH:0
end_of_record
TN:
SF:src/pages/Corte/Historico/index.jsx
FN:10,GmdCard
FN:30,CorteHistorico
FN:35,(anonymous_2)
FNF:3
FNH:0
FNDA:0,GmdCard
FNDA:0,CorteHistorico
FNDA:0,(anonymous_2)
DA:11,0
DA:31,0
DA:32,0
DA:33,0
DA:35,0
DA:37,0
LF:6
LH:0
BRDA:39,0,0,0
BRDA:39,0,1,0
BRDA:40,1,0,0
BRDA:40,1,1,0
BRDA:42,2,0,0
BRDA:42,2,1,0
BRDA:42,2,2,0
BRDA:56,3,0,0
BRDA:56,3,1,0
BRDA:67,4,0,0
BRDA:67,4,1,0
BRF:11
BRH:0
end_of_record
TN:
SF:src/pages/Corte/Ranking/index.jsx
FN:12,gmdBadgeClass
FN:21,formatarKg
FN:26,formatarGmd
FN:31,CorteRanking
FN:43,(anonymous_4)
FN:45,(anonymous_5)
FN:73,(anonymous_6)
FNF:7
FNH:0
FNDA:0,gmdBadgeClass
FNDA:0,formatarKg
FNDA:0,formatarGmd
FNDA:0,CorteRanking
FNDA:0,(anonymous_4)
FNDA:0,(anonymous_5)
FNDA:0,(anonymous_6)
DA:7,0
DA:13,0
DA:14,0
DA:15,0
DA:16,0
DA:17,0
DA:18,0
DA:22,0
DA:23,0
DA:27,0
DA:28,0
DA:32,0
DA:33,0
DA:34,0
DA:36,0
DA:43,0
DA:46,0
DA:74,0
LF:18
LH:0
BRDA:13,0,0,0
BRDA:13,0,1,0
BRDA:14,1,0,0
BRDA:14,1,1,0
BRDA:15,2,0,0
BRDA:15,2,1,0
BRDA:16,3,0,0
BRDA:16,3,1,0
BRDA:17,4,0,0
BRDA:17,4,1,0
BRDA:22,5,0,0
BRDA:22,5,1,0
BRDA:27,6,0,0
BRDA:27,6,1,0
BRDA:51,7,0,0
BRDA:51,7,1,0
BRDA:52,8,0,0
BRDA:52,8,1,0
BRDA:54,9,0,0
BRDA:54,9,1,0
BRDA:54,9,2,0
BRDA:54,9,3,0
BRDA:60,10,0,0
BRDA:60,10,1,0
BRDA:60,10,2,0
BRDA:78,11,0,0
BRDA:78,11,1,0
BRF:27
BRH:0
end_of_record
TN:
SF:src/pages/CreatePassword/index.jsx
FN:8,CreatePasswordPage
FN:13,handleChange
FN:15,(anonymous_2)
FN:16,(anonymous_3)
FN:19,handleSubmit
FNF:5
FNH:0
FNDA:0,CreatePasswordPage
FNDA:0,handleChange
FNDA:0,(anonymous_2)
FNDA:0,(anonymous_3)
FNDA:0,handleSubmit
DA:9,0
DA:10,0
DA:11,0
DA:14,0
DA:15,0
DA:16,0
DA:20,0
DA:21,0
DA:22,0
DA:23,0
DA:24,0
DA:25,0
DA:27,0
DA:30,0
LF:14
LH:0
BRDA:16,0,0,0
BRDA:16,0,1,0
BRDA:22,1,0,0
BRDA:22,1,1,0
BRDA:23,2,0,0
BRDA:23,2,1,0
BRDA:24,3,0,0
BRDA:24,3,1,0
BRDA:25,4,0,0
BRDA:25,4,1,0
BRF:10
BRH:0
end_of_record
TN:
SF:src/pages/Dashboard/index.jsx
FN:9,Dashboard
FN:20,(anonymous_1)
FN:23,(anonymous_2)
FN:24,(anonymous_3)
FN:25,(anonymous_4)
FN:28,(anonymous_5)
FN:33,handleAbrirPropriedade
FN:38,handleExcluir
FN:41,(anonymous_8)
FN:41,(anonymous_9)
FN:44,handleEditar
FN:49,handleAdicionarPropriedade
FN:57,(anonymous_12)
FN:62,handleLogout
FN:76,(anonymous_14)
FN:95,(anonymous_15)
FN:106,(anonymous_16)
FN:110,(anonymous_17)
FN:113,(anonymous_18)
FN:129,(anonymous_19)
FN:136,(anonymous_20)
FN:155,(anonymous_21)
FN:155,(anonymous_22)
FN:163,(anonymous_23)
FN:163,(anonymous_24)
FN:171,(anonymous_25)
FN:171,(anonymous_26)
FN:184,(anonymous_27)
FN:197,(anonymous_28)
FN:198,(anonymous_29)
FN:199,(anonymous_30)
FNF:31
FNH:0
FNDA:0,Dashboard
FNDA:0,(anonymous_1)
FNDA:0,(anonymous_2)
FNDA:0,(anonymous_3)
FNDA:0,(anonymous_4)
FNDA:0,(anonymous_5)
FNDA:0,handleAbrirPropriedade
FNDA:0,handleExcluir
FNDA:0,(anonymous_8)
FNDA:0,(anonymous_9)
FNDA:0,handleEditar
FNDA:0,handleAdicionarPropriedade
FNDA:0,(anonymous_12)
FNDA:0,handleLogout
FNDA:0,(anonymous_14)
FNDA:0,(anonymous_15)
FNDA:0,(anonymous_16)
FNDA:0,(anonymous_17)
FNDA:0,(anonymous_18)
FNDA:0,(anonymous_19)
FNDA:0,(anonymous_20)
FNDA:0,(anonymous_21)
FNDA:0,(anonymous_22)
FNDA:0,(anonymous_23)
FNDA:0,(anonymous_24)
FNDA:0,(anonymous_25)
FNDA:0,(anonymous_26)
FNDA:0,(anonymous_27)
FNDA:0,(anonymous_28)
FNDA:0,(anonymous_29)
FNDA:0,(anonymous_30)
DA:10,0
DA:11,0
DA:12,0
DA:13,0
DA:14,0
DA:15,0
DA:16,0
DA:17,0
DA:20,0
DA:21,0
DA:22,0
DA:23,0
DA:24,0
DA:25,0
DA:28,0
DA:29,0
DA:34,0
DA:35,0
DA:39,0
DA:40,0
DA:41,0
DA:45,0
DA:46,0
DA:50,0
DA:51,0
DA:57,0
DA:58,0
DA:59,0
DA:63,0
DA:64,0
DA:67,0
DA:76,0
DA:95,0
DA:107,0
DA:110,0
DA:113,0
DA:129,0
DA:136,0
DA:155,0
DA:163,0
DA:171,0
DA:184,0
DA:198,0
DA:199,0
LF:44
LH:0
BRDA:21,0,0,0
BRDA:21,0,1,0
BRDA:23,1,0,0
BRDA:23,1,1,0
BRDA:29,2,0,0
BRDA:29,2,1,0
BRDA:50,3,0,0
BRDA:50,3,1,0
BRDA:50,4,0,0
BRDA:50,4,1,0
BRDA:54,5,0,0
BRDA:54,5,1,0
BRDA:101,6,0,0
BRDA:101,6,1,0
BRDA:102,7,0,0
BRDA:102,7,1,0
BRDA:102,7,2,0
BRDA:113,8,0,0
BRDA:113,8,1,0
BRDA:121,9,0,0
BRDA:121,9,1,0
BRDA:147,10,0,0
BRDA:147,10,1,0
BRF:23
BRH:0
end_of_record
TN:
SF:src/pages/FichaAnimal/index.jsx
FN:11,FichaAnimal
FN:31,abrirEdicao
FN:50,handleEditChange
FN:52,(anonymous_3)
FN:55,handleSalvarEdicao
FN:66,(anonymous_5)
FN:77,handleExcluir
FN:91,(anonymous_7)
FN:100,(anonymous_8)
FN:121,(anonymous_9)
FN:158,(anonymous_10)
FN:168,(anonymous_11)
FN:211,(anonymous_12)
FN:215,(anonymous_13)
FN:296,(anonymous_14)
FN:309,(anonymous_15)
FN:319,(anonymous_16)
FN:339,(anonymous_17)
FN:398,(anonymous_18)
FN:399,(anonymous_19)
FN:437,(anonymous_20)
FN:492,(anonymous_21)
FN:532,(anonymous_22)
FN:547,(anonymous_23)
FN:555,(anonymous_24)
FN:563,(anonymous_25)
FN:573,(anonymous_26)
FN:574,(anonymous_27)
FN:577,(anonymous_28)
FN:625,(anonymous_29)
FN:625,(anonymous_30)
FN:634,(anonymous_31)
FN:634,(anonymous_32)
FN:642,(anonymous_33)
FN:655,(anonymous_34)
FN:656,(anonymous_35)
FN:659,(anonymous_36)
FN:669,(anonymous_37)
FNF:38
FNH:0
FNDA:0,FichaAnimal
FNDA:0,abrirEdicao
FNDA:0,handleEditChange
FNDA:0,(anonymous_3)
FNDA:0,handleSalvarEdicao
FNDA:0,(anonymous_5)
FNDA:0,handleExcluir
FNDA:0,(anonymous_7)
FNDA:0,(anonymous_8)
FNDA:0,(anonymous_9)
FNDA:0,(anonymous_10)
FNDA:0,(anonymous_11)
FNDA:0,(anonymous_12)
FNDA:0,(anonymous_13)
FNDA:0,(anonymous_14)
FNDA:0,(anonymous_15)
FNDA:0,(anonymous_16)
FNDA:0,(anonymous_17)
FNDA:0,(anonymous_18)
FNDA:0,(anonymous_19)
FNDA:0,(anonymous_20)
FNDA:0,(anonymous_21)
FNDA:0,(anonymous_22)
FNDA:0,(anonymous_23)
FNDA:0,(anonymous_24)
FNDA:0,(anonymous_25)
FNDA:0,(anonymous_26)
FNDA:0,(anonymous_27)
FNDA:0,(anonymous_28)
FNDA:0,(anonymous_29)
FNDA:0,(anonymous_30)
FNDA:0,(anonymous_31)
FNDA:0,(anonymous_32)
FNDA:0,(anonymous_33)
FNDA:0,(anonymous_34)
FNDA:0,(anonymous_35)
FNDA:0,(anonymous_36)
FNDA:0,(anonymous_37)
DA:12,0
DA:13,0
DA:14,0
DA:15,0
DA:16,0
DA:17,0
DA:18,0
DA:19,0
DA:20,0
DA:22,0
DA:23,0
DA:24,0
DA:25,0
DA:26,0
DA:29,0
DA:32,0
DA:33,0
DA:46,0
DA:47,0
DA:51,0
DA:52,0
DA:56,0
DA:57,0
DA:58,0
DA:64,0
DA:65,0
DA:66,0
DA:67,0
DA:68,0
DA:71,0
DA:73,0
DA:78,0
DA:79,0
DA:80,0
DA:81,0
DA:82,0
DA:84,0
DA:85,0
DA:88,0
DA:90,0
DA:91,0
DA:95,0
DA:96,0
DA:100,0
DA:116,0
DA:117,0
DA:121,0
DA:141,0
DA:144,0
DA:153,0
DA:158,0
DA:168,0
DA:212,0
DA:215,0
DA:296,0
DA:309,0
DA:319,0
DA:340,0
DA:398,0
DA:400,0
DA:438,0
DA:493,0
DA:532,0
DA:547,0
DA:555,0
DA:563,0
DA:573,0
DA:574,0
DA:577,0
DA:625,0
DA:626,0
DA:634,0
DA:635,0
DA:642,0
DA:655,0
DA:656,0
DA:659,0
DA:669,0
LF:78
LH:0
BRDA:32,0,0,0
BRDA:32,0,1,0
BRDA:34,1,0,0
BRDA:34,1,1,0
BRDA:35,2,0,0
BRDA:35,2,1,0
BRDA:36,3,0,0
BRDA:36,3,1,0
BRDA:37,4,0,0
BRDA:37,4,1,0
BRDA:38,5,0,0
BRDA:38,5,1,0
BRDA:39,6,0,0
BRDA:39,6,1,0
BRDA:40,7,0,0
BRDA:40,7,1,0
BRDA:41,8,0,0
BRDA:41,8,1,0
BRDA:42,9,0,0
BRDA:42,9,1,0
BRDA:43,10,0,0
BRDA:43,10,1,0
BRDA:44,11,0,0
BRDA:44,11,1,0
BRDA:60,12,0,0
BRDA:60,12,1,0
BRDA:61,13,0,0
BRDA:61,13,1,0
BRDA:62,14,0,0
BRDA:62,14,1,0
BRDA:71,15,0,0
BRDA:71,15,1,0
BRDA:84,16,0,0
BRDA:84,16,1,0
BRDA:88,17,0,0
BRDA:88,17,1,0
BRDA:90,18,0,0
BRDA:90,18,1,0
BRDA:95,19,0,0
BRDA:95,19,1,0
BRDA:116,20,0,0
BRDA:116,20,1,0
BRDA:116,21,0,0
BRDA:116,21,1,0
BRDA:129,22,0,0
BRDA:129,22,1,0
BRDA:141,23,0,0
BRDA:141,23,1,0
BRDA:141,23,2,0
BRDA:149,24,0,0
BRDA:149,24,1,0
BRDA:160,25,0,0
BRDA:160,25,1,0
BRDA:161,26,0,0
BRDA:161,26,1,0
BRDA:161,26,2,0
BRDA:179,27,0,0
BRDA:179,27,1,0
BRDA:182,28,0,0
BRDA:182,28,1,0
BRDA:185,29,0,0
BRDA:185,29,1,0
BRDA:186,30,0,0
BRDA:186,30,1,0
BRDA:192,31,0,0
BRDA:192,31,1,0
BRDA:196,32,0,0
BRDA:196,32,1,0
BRDA:200,33,0,0
BRDA:200,33,1,0
BRDA:204,34,0,0
BRDA:204,34,1,0
BRDA:214,35,0,0
BRDA:214,35,1,0
BRDA:218,36,0,0
BRDA:218,36,1,0
BRDA:224,37,0,0
BRDA:224,37,1,0
BRDA:233,38,0,0
BRDA:233,38,1,0
BRDA:233,38,2,0
BRDA:241,39,0,0
BRDA:241,39,1,0
BRDA:245,40,0,0
BRDA:245,40,1,0
BRDA:249,41,0,0
BRDA:249,41,1,0
BRDA:253,42,0,0
BRDA:253,42,1,0
BRDA:258,43,0,0
BRDA:258,43,1,0
BRDA:265,44,0,0
BRDA:265,44,1,0
BRDA:269,45,0,0
BRDA:269,45,1,0
BRDA:273,46,0,0
BRDA:273,46,1,0
BRDA:277,47,0,0
BRDA:277,47,1,0
BRDA:281,48,0,0
BRDA:281,48,1,0
BRDA:293,49,0,0
BRDA:293,49,1,0
BRDA:298,50,0,0
BRDA:298,50,1,0
BRDA:306,51,0,0
BRDA:306,51,1,0
BRDA:311,52,0,0
BRDA:311,52,1,0
BRDA:328,53,0,0
BRDA:328,53,1,0
BRDA:330,54,0,0
BRDA:330,54,1,0
BRDA:332,55,0,0
BRDA:332,55,1,0
BRDA:342,56,0,0
BRDA:342,56,1,0
BRDA:344,57,0,0
BRDA:344,57,1,0
BRDA:350,58,0,0
BRDA:350,58,1,0
BRDA:355,59,0,0
BRDA:355,59,1,0
BRDA:358,60,0,0
BRDA:358,60,1,0
BRDA:361,61,0,0
BRDA:361,61,1,0
BRDA:364,62,0,0
BRDA:364,62,1,0
BRDA:368,63,0,0
BRDA:368,63,1,0
BRDA:379,64,0,0
BRDA:379,64,1,0
BRDA:381,65,0,0
BRDA:381,65,1,0
BRDA:383,66,0,0
BRDA:383,66,1,0
BRDA:392,67,0,0
BRDA:392,67,1,0
BRDA:392,68,0,0
BRDA:392,68,1,0
BRDA:392,69,0,0
BRDA:392,69,1,0
BRDA:393,70,0,0
BRDA:393,70,1,0
BRDA:402,71,0,0
BRDA:402,71,1,0
BRDA:404,72,0,0
BRDA:404,72,1,0
BRDA:410,73,0,0
BRDA:410,73,1,0
BRDA:414,74,0,0
BRDA:414,74,1,0
BRDA:426,75,0,0
BRDA:426,75,1,0
BRDA:428,76,0,0
BRDA:428,76,1,0
BRDA:430,77,0,0
BRDA:430,77,1,0
BRDA:440,78,0,0
BRDA:440,78,1,0
BRDA:442,79,0,0
BRDA:442,79,1,0
BRDA:448,80,0,0
BRDA:448,80,1,0
BRDA:451,81,0,0
BRDA:451,81,1,0
BRDA:454,82,0,0
BRDA:454,82,1,0
BRDA:466,83,0,0
BRDA:466,83,1,0
BRDA:466,83,2,0
BRDA:468,84,0,0
BRDA:468,84,1,0
BRDA:470,85,0,0
BRDA:470,85,1,0
BRDA:477,86,0,0
BRDA:477,86,1,0
BRDA:481,87,0,0
BRDA:481,87,1,0
BRDA:482,88,0,0
BRDA:482,88,1,0
BRDA:483,89,0,0
BRDA:483,89,1,0
BRDA:486,90,0,0
BRDA:486,90,1,0
BRDA:487,91,0,0
BRDA:487,91,1,0
BRDA:496,92,0,0
BRDA:496,92,1,0
BRDA:501,93,0,0
BRDA:501,93,1,0
BRDA:503,94,0,0
BRDA:503,94,1,0
BRDA:507,95,0,0
BRDA:507,95,1,0
BRDA:510,96,0,0
BRDA:510,96,1,0
BRDA:510,96,2,0
BRDA:515,97,0,0
BRDA:515,97,1,0
BRDA:528,98,0,0
BRDA:528,98,1,0
BRDA:544,99,0,0
BRDA:544,99,1,0
BRDA:547,100,0,0
BRDA:547,100,1,0
BRDA:552,101,0,0
BRDA:552,101,1,0
BRDA:555,102,0,0
BRDA:555,102,1,0
BRDA:560,103,0,0
BRDA:560,103,1,0
BRDA:560,103,2,0
BRDA:572,104,0,0
BRDA:572,104,1,0
BRDA:580,105,0,0
BRDA:580,105,1,0
BRDA:587,106,0,0
BRDA:587,106,1,0
BRDA:591,107,0,0
BRDA:591,107,1,0
BRDA:595,108,0,0
BRDA:595,108,1,0
BRDA:599,109,0,0
BRDA:599,109,1,0
BRDA:603,110,0,0
BRDA:603,110,1,0
BRDA:607,111,0,0
BRDA:607,111,1,0
BRDA:611,112,0,0
BRDA:611,112,1,0
BRDA:615,113,0,0
BRDA:615,113,1,0
BRDA:619,114,0,0
BRDA:619,114,1,0
BRDA:623,115,0,0
BRDA:623,115,1,0
BRDA:625,116,0,0
BRDA:625,116,1,0
BRDA:626,117,0,0
BRDA:626,117,1,0
BRDA:626,117,2,0
BRDA:632,118,0,0
BRDA:632,118,1,0
BRDA:634,119,0,0
BRDA:634,119,1,0
BRDA:635,120,0,0
BRDA:635,120,1,0
BRDA:635,120,2,0
BRDA:644,121,0,0
BRDA:644,121,1,0
BRDA:654,122,0,0
BRDA:654,122,1,0
BRDA:655,123,0,0
BRDA:655,123,1,0
BRDA:663,124,0,0
BRDA:663,124,1,0
BRDA:676,125,0,0
BRDA:676,125,1,0
BRF:260
BRH:0
end_of_record
TN:
SF:src/pages/Financeiro/_SubpageLayout.jsx
FN:13,PropertyNavWithRoute
FN:17,(anonymous_1)
FN:30,SubpageLayout
FN:35,handleTab
FN:36,(anonymous_4)
FN:45,handleBack
FN:60,(anonymous_6)
FN:64,(anonymous_7)
FNF:8
FNH:0
FNDA:0,PropertyNavWithRoute
FNDA:0,(anonymous_1)
FNDA:0,SubpageLayout
FNDA:0,handleTab
FNDA:0,(anonymous_4)
FNDA:0,handleBack
FNDA:0,(anonymous_6)
FNDA:0,(anonymous_7)
DA:6,0
DA:14,0
DA:18,0
DA:19,0
DA:20,0
DA:21,0
DA:22,0
DA:23,0
DA:24,0
DA:31,0
DA:32,0
DA:33,0
DA:36,0
DA:37,0
DA:38,0
DA:39,0
DA:41,0
DA:46,0
DA:49,0
DA:61,0
DA:64,0
LF:21
LH:0
BRDA:19,0,0,0
BRDA:19,0,1,0
BRDA:20,1,0,0
BRDA:20,1,1,0
BRDA:21,2,0,0
BRDA:21,2,1,0
BRDA:22,3,0,0
BRDA:22,3,1,0
BRDA:23,4,0,0
BRDA:23,4,1,0
BRDA:24,5,0,0
BRDA:24,5,1,0
BRDA:37,6,0,0
BRDA:37,6,1,0
BRDA:38,7,0,0
BRDA:38,7,1,0
BRDA:63,8,0,0
BRDA:63,8,1,0
BRF:18
BRH:0
end_of_record
TN:
SF:src/pages/Financeiro/index.jsx
FN:9,formatarData
FN:13,formatarMoeda
FN:18,PropertyNavWithRoute
FN:22,(anonymous_3)
FN:43,Financeiro
FN:63,(anonymous_5)
FN:64,(anonymous_6)
FN:68,trocarTipo
FN:70,(anonymous_8)
FN:75,(anonymous_9)
FN:79,(anonymous_10)
FN:87,(anonymous_11)
FN:87,(anonymous_12)
FN:88,(anonymous_13)
FN:88,(anonymous_14)
FN:92,salvar
FN:128,(anonymous_16)
FN:147,(anonymous_17)
FN:155,(anonymous_18)
FN:159,(anonymous_19)
FN:208,(anonymous_20)
FN:224,(anonymous_21)
FN:231,(anonymous_22)
FN:243,(anonymous_23)
FN:247,(anonymous_24)
FN:261,(anonymous_25)
FN:272,(anonymous_26)
FN:282,(anonymous_27)
FN:285,(anonymous_28)
FN:297,(anonymous_29)
FN:308,(anonymous_30)
FN:326,(anonymous_31)
FN:344,(anonymous_32)
FNF:33
FNH:0
FNDA:0,formatarData
FNDA:0,formatarMoeda
FNDA:0,PropertyNavWithRoute
FNDA:0,(anonymous_3)
FNDA:0,Financeiro
FNDA:0,(anonymous_5)
FNDA:0,(anonymous_6)
FNDA:0,trocarTipo
FNDA:0,(anonymous_8)
FNDA:0,(anonymous_9)
FNDA:0,(anonymous_10)
FNDA:0,(anonymous_11)
FNDA:0,(anonymous_12)
FNDA:0,(anonymous_13)
FNDA:0,(anonymous_14)
FNDA:0,salvar
FNDA:0,(anonymous_16)
FNDA:0,(anonymous_17)
FNDA:0,(anonymous_18)
FNDA:0,(anonymous_19)
FNDA:0,(anonymous_20)
FNDA:0,(anonymous_21)
FNDA:0,(anonymous_22)
FNDA:0,(anonymous_23)
FNDA:0,(anonymous_24)
FNDA:0,(anonymous_25)
FNDA:0,(anonymous_26)
FNDA:0,(anonymous_27)
FNDA:0,(anonymous_28)
FNDA:0,(anonymous_29)
FNDA:0,(anonymous_30)
FNDA:0,(anonymous_31)
FNDA:0,(anonymous_32)
DA:10,0
DA:14,0
DA:15,0
DA:19,0
DA:23,0
DA:24,0
DA:25,0
DA:26,0
DA:27,0
DA:28,0
DA:29,0
DA:35,0
DA:44,0
DA:45,0
DA:46,0
DA:47,0
DA:48,0
DA:49,0
DA:50,0
DA:51,0
DA:52,0
DA:55,0
DA:56,0
DA:57,0
DA:58,0
DA:59,0
DA:60,0
DA:63,0
DA:64,0
DA:69,0
DA:70,0
DA:71,0
DA:75,0
DA:76,0
DA:77,0
DA:78,0
DA:79,0
DA:81,0
DA:82,0
DA:83,0
DA:84,0
DA:85,0
DA:87,0
DA:88,0
DA:89,0
DA:93,0
DA:94,0
DA:95,0
DA:97,0
DA:98,0
DA:99,0
DA:101,0
DA:102,0
DA:103,0
DA:104,0
DA:106,0
DA:107,0
DA:108,0
DA:111,0
DA:112,0
DA:113,0
DA:123,0
DA:124,0
DA:125,0
DA:126,0
DA:127,0
DA:128,0
DA:130,0
DA:132,0
DA:137,0
DA:140,0
DA:144,0
DA:147,0
DA:156,0
DA:160,0
DA:161,0
DA:208,0
DA:224,0
DA:231,0
DA:243,0
DA:248,0
DA:261,0
DA:272,0
DA:282,0
DA:286,0
DA:297,0
DA:309,0
DA:310,0
DA:327,0
DA:345,0
LF:90
LH:0
BRDA:14,0,0,0
BRDA:14,0,1,0
BRDA:24,1,0,0
BRDA:24,1,1,0
BRDA:25,2,0,0
BRDA:25,2,1,0
BRDA:26,3,0,0
BRDA:26,3,1,0
BRDA:27,4,0,0
BRDA:27,4,1,0
BRDA:28,5,0,0
BRDA:28,5,1,0
BRDA:29,6,0,0
BRDA:29,6,1,0
BRDA:64,7,0,0
BRDA:64,7,1,0
BRDA:70,8,0,0
BRDA:70,8,1,0
BRDA:71,9,0,0
BRDA:71,9,1,0
BRDA:76,10,0,0
BRDA:76,10,1,0
BRDA:76,11,0,0
BRDA:76,11,1,0
BRDA:79,12,0,0
BRDA:79,12,1,0
BRDA:83,13,0,0
BRDA:83,13,1,0
BRDA:84,14,0,0
BRDA:84,14,1,0
BRDA:85,15,0,0
BRDA:85,15,1,0
BRDA:97,16,0,0
BRDA:97,16,1,0
BRDA:102,17,0,0
BRDA:102,17,1,0
BRDA:102,18,0,0
BRDA:102,18,1,0
BRDA:106,19,0,0
BRDA:106,19,1,0
BRDA:115,20,0,0
BRDA:115,20,1,0
BRDA:118,21,0,0
BRDA:118,21,1,0
BRDA:127,22,0,0
BRDA:127,22,1,0
BRDA:130,23,0,0
BRDA:130,23,1,0
BRDA:137,24,0,0
BRDA:137,24,1,0
BRDA:137,25,0,0
BRDA:137,25,1,0
BRDA:140,26,0,0
BRDA:140,26,1,0
BRDA:140,27,0,0
BRDA:140,27,1,0
BRDA:158,28,0,0
BRDA:158,28,1,0
BRDA:160,29,0,0
BRDA:160,29,1,0
BRDA:171,30,0,0
BRDA:171,30,1,0
BRDA:172,31,0,0
BRDA:172,31,1,0
BRDA:173,32,0,0
BRDA:173,32,1,0
BRDA:175,33,0,0
BRDA:175,33,1,0
BRDA:175,33,2,0
BRDA:182,34,0,0
BRDA:182,34,1,0
BRDA:189,35,0,0
BRDA:189,35,1,0
BRDA:196,36,0,0
BRDA:196,36,1,0
BRDA:199,37,0,0
BRDA:199,37,1,0
BRDA:207,38,0,0
BRDA:207,38,1,0
BRDA:215,39,0,0
BRDA:215,39,1,0
BRDA:218,40,0,0
BRDA:218,40,1,0
BRDA:223,41,0,0
BRDA:223,41,1,0
BRDA:230,42,0,0
BRDA:230,42,1,0
BRDA:303,43,0,0
BRDA:303,43,1,0
BRDA:321,44,0,0
BRDA:321,44,1,0
BRDA:339,45,0,0
BRDA:339,45,1,0
BRDA:355,46,0,0
BRDA:355,46,1,0
BRDA:355,46,2,0
BRDA:355,46,3,0
BRF:97
BRH:0
end_of_record
TN:
SF:src/pages/Financeiro/Detalhe/index.jsx
FN:8,formatarDataParaInput
FN:13,FinanceiroDetalhe
FN:30,(anonymous_2)
FN:42,(anonymous_3)
FN:43,(anonymous_4)
FN:46,trocarTipo
FN:48,(anonymous_6)
FN:52,salvar
FN:82,(anonymous_8)
FN:90,formatarData
FN:108,(anonymous_10)
FN:132,(anonymous_11)
FN:139,(anonymous_12)
FN:151,(anonymous_13)
FN:155,(anonymous_14)
FN:169,(anonymous_15)
FN:180,(anonymous_16)
FN:190,(anonymous_17)
FN:193,(anonymous_18)
FN:205,(anonymous_19)
FN:216,(anonymous_20)
FNF:21
FNH:0
FNDA:0,formatarDataParaInput
FNDA:0,FinanceiroDetalhe
FNDA:0,(anonymous_2)
FNDA:0,(anonymous_3)
FNDA:0,(anonymous_4)
FNDA:0,trocarTipo
FNDA:0,(anonymous_6)
FNDA:0,salvar
FNDA:0,(anonymous_8)
FNDA:0,formatarData
FNDA:0,(anonymous_10)
FNDA:0,(anonymous_11)
FNDA:0,(anonymous_12)
FNDA:0,(anonymous_13)
FNDA:0,(anonymous_14)
FNDA:0,(anonymous_15)
FNDA:0,(anonymous_16)
FNDA:0,(anonymous_17)
FNDA:0,(anonymous_18)
FNDA:0,(anonymous_19)
FNDA:0,(anonymous_20)
DA:9,0
DA:10,0
DA:14,0
DA:15,0
DA:16,0
DA:17,0
DA:19,0
DA:20,0
DA:21,0
DA:22,0
DA:23,0
DA:24,0
DA:25,0
DA:26,0
DA:27,0
DA:28,0
DA:30,0
DA:31,0
DA:32,0
DA:33,0
DA:34,0
DA:35,0
DA:36,0
DA:37,0
DA:38,0
DA:42,0
DA:43,0
DA:47,0
DA:48,0
DA:49,0
DA:53,0
DA:54,0
DA:55,0
DA:57,0
DA:58,0
DA:59,0
DA:61,0
DA:62,0
DA:63,0
DA:64,0
DA:66,0
DA:67,0
DA:68,0
DA:71,0
DA:72,0
DA:73,0
DA:81,0
DA:82,0
DA:84,0
DA:86,0
DA:91,0
DA:92,0
DA:93,0
DA:96,0
DA:108,0
DA:132,0
DA:139,0
DA:151,0
DA:156,0
DA:169,0
DA:180,0
DA:190,0
DA:194,0
DA:205,0
DA:216,0
LF:65
LH:0
BRDA:9,0,0,0
BRDA:9,0,1,0
BRDA:10,1,0,0
BRDA:10,1,1,0
BRDA:31,2,0,0
BRDA:31,2,1,0
BRDA:31,3,0,0
BRDA:31,3,1,0
BRDA:32,4,0,0
BRDA:32,4,1,0
BRDA:33,5,0,0
BRDA:33,5,1,0
BRDA:34,6,0,0
BRDA:34,6,1,0
BRDA:35,7,0,0
BRDA:35,7,1,0
BRDA:37,8,0,0
BRDA:37,8,1,0
BRDA:43,9,0,0
BRDA:43,9,1,0
BRDA:48,10,0,0
BRDA:48,10,1,0
BRDA:49,11,0,0
BRDA:49,11,1,0
BRDA:57,12,0,0
BRDA:57,12,1,0
BRDA:62,13,0,0
BRDA:62,13,1,0
BRDA:62,14,0,0
BRDA:62,14,1,0
BRDA:66,15,0,0
BRDA:66,15,1,0
BRDA:76,16,0,0
BRDA:76,16,1,0
BRDA:79,17,0,0
BRDA:79,17,1,0
BRDA:84,18,0,0
BRDA:84,18,1,0
BRDA:91,19,0,0
BRDA:91,19,1,0
BRDA:102,20,0,0
BRDA:102,20,1,0
BRDA:102,21,0,0
BRDA:102,21,1,0
BRDA:102,21,2,0
BRDA:114,22,0,0
BRDA:114,22,1,0
BRDA:116,23,0,0
BRDA:116,23,1,0
BRDA:118,24,0,0
BRDA:118,24,1,0
BRDA:122,25,0,0
BRDA:122,25,1,0
BRDA:123,26,0,0
BRDA:123,26,1,0
BRDA:131,27,0,0
BRDA:131,27,1,0
BRDA:138,28,0,0
BRDA:138,28,1,0
BRDA:211,29,0,0
BRDA:211,29,1,0
BRDA:229,30,0,0
BRDA:229,30,1,0
BRDA:241,31,0,0
BRDA:241,31,1,0
BRF:65
BRH:0
end_of_record
TN:
SF:src/pages/Financeiro/Listar/index.jsx
FN:9,useDebounce
FN:11,(anonymous_1)
FN:12,(anonymous_2)
FN:13,(anonymous_3)
FN:18,AutocompleteAnimal
FN:24,(anonymous_5)
FN:25,(anonymous_6)
FN:29,(anonymous_7)
FN:30,handleClickOutside
FN:34,(anonymous_9)
FN:37,(anonymous_10)
FN:40,(anonymous_11)
FN:46,handleSelect
FN:47,(anonymous_13)
FN:53,handleClear
FN:66,(anonymous_15)
FN:67,(anonymous_16)
FN:84,(anonymous_17)
FN:88,(anonymous_18)
FN:109,FinanceiroListar
FN:129,(anonymous_20)
FN:150,(anonymous_21)
FN:153,(anonymous_22)
FN:156,handleAplicar
FN:161,handleLimpar
FN:170,confirmarExclusao
FN:183,formatarData
FN:189,formatarValor
FN:205,(anonymous_28)
FN:219,(anonymous_29)
FN:230,(anonymous_30)
FN:240,(anonymous_31)
FN:254,(anonymous_32)
FN:257,(anonymous_33)
FN:269,(anonymous_34)
FN:306,(anonymous_35)
FN:332,(anonymous_36)
FN:340,(anonymous_37)
FN:351,(anonymous_38)
FN:359,(anonymous_39)
FNF:40
FNH:0
FNDA:0,useDebounce
FNDA:0,(anonymous_1)
FNDA:0,(anonymous_2)
FNDA:0,(anonymous_3)
FNDA:0,AutocompleteAnimal
FNDA:0,(anonymous_5)
FNDA:0,(anonymous_6)
FNDA:0,(anonymous_7)
FNDA:0,handleClickOutside
FNDA:0,(anonymous_9)
FNDA:0,(anonymous_10)
FNDA:0,(anonymous_11)
FNDA:0,handleSelect
FNDA:0,(anonymous_13)
FNDA:0,handleClear
FNDA:0,(anonymous_15)
FNDA:0,(anonymous_16)
FNDA:0,(anonymous_17)
FNDA:0,(anonymous_18)
FNDA:0,FinanceiroListar
FNDA:0,(anonymous_20)
FNDA:0,(anonymous_21)
FNDA:0,(anonymous_22)
FNDA:0,handleAplicar
FNDA:0,handleLimpar
FNDA:0,confirmarExclusao
FNDA:0,formatarData
FNDA:0,formatarValor
FNDA:0,(anonymous_28)
FNDA:0,(anonymous_29)
FNDA:0,(anonymous_30)
FNDA:0,(anonymous_31)
FNDA:0,(anonymous_32)
FNDA:0,(anonymous_33)
FNDA:0,(anonymous_34)
FNDA:0,(anonymous_35)
FNDA:0,(anonymous_36)
FNDA:0,(anonymous_37)
FNDA:0,(anonymous_38)
FNDA:0,(anonymous_39)
DA:10,0
DA:11,0
DA:12,0
DA:13,0
DA:15,0
DA:19,0
DA:20,0
DA:21,0
DA:22,0
DA:24,0
DA:25,0
DA:26,0
DA:29,0
DA:31,0
DA:33,0
DA:34,0
DA:37,0
DA:38,0
DA:39,0
DA:40,0
DA:41,0
DA:47,0
DA:48,0
DA:49,0
DA:50,0
DA:54,0
DA:55,0
DA:56,0
DA:59,0
DA:66,0
DA:67,0
DA:85,0
DA:88,0
DA:110,0
DA:111,0
DA:112,0
DA:113,0
DA:115,0
DA:116,0
DA:117,0
DA:118,0
DA:119,0
DA:120,0
DA:122,0
DA:123,0
DA:124,0
DA:126,0
DA:127,0
DA:129,0
DA:130,0
DA:131,0
DA:132,0
DA:133,0
DA:134,0
DA:135,0
DA:136,0
DA:137,0
DA:138,0
DA:139,0
DA:141,0
DA:142,0
DA:144,0
DA:146,0
DA:150,0
DA:152,0
DA:153,0
DA:157,0
DA:158,0
DA:162,0
DA:163,0
DA:164,0
DA:165,0
DA:166,0
DA:167,0
DA:171,0
DA:172,0
DA:173,0
DA:174,0
DA:175,0
DA:177,0
DA:179,0
DA:184,0
DA:185,0
DA:186,0
DA:190,0
DA:193,0
DA:205,0
DA:219,0
DA:230,0
DA:240,0
DA:254,0
DA:258,0
DA:269,0
DA:307,0
DA:332,0
DA:340,0
DA:351,0
DA:359,0
LF:98
LH:0
BRDA:9,0,0,0
BRDA:26,1,0,0
BRDA:26,1,1,0
BRDA:26,2,0,0
BRDA:26,2,1,0
BRDA:26,2,2,0
BRDA:31,3,0,0
BRDA:31,3,1,0
BRDA:31,4,0,0
BRDA:31,4,1,0
BRDA:38,5,0,0
BRDA:38,5,1,0
BRDA:41,6,0,0
BRDA:41,6,1,0
BRDA:41,7,0,0
BRDA:41,7,1,0
BRDA:42,8,0,0
BRDA:42,8,1,0
BRDA:48,9,0,0
BRDA:48,9,1,0
BRDA:48,10,0,0
BRDA:48,10,1,0
BRDA:48,10,2,0
BRDA:69,11,0,0
BRDA:69,11,1,0
BRDA:82,12,0,0
BRDA:82,12,1,0
BRDA:82,12,2,0
BRDA:90,13,0,0
BRDA:90,13,1,0
BRDA:91,14,0,0
BRDA:91,14,1,0
BRDA:98,15,0,0
BRDA:98,15,1,0
BRDA:98,15,2,0
BRDA:98,15,3,0
BRDA:134,16,0,0
BRDA:134,16,1,0
BRDA:135,17,0,0
BRDA:135,17,1,0
BRDA:136,18,0,0
BRDA:136,18,1,0
BRDA:137,19,0,0
BRDA:137,19,1,0
BRDA:138,20,0,0
BRDA:138,20,1,0
BRDA:139,21,0,0
BRDA:139,21,1,0
BRDA:142,22,0,0
BRDA:142,22,1,0
BRDA:144,23,0,0
BRDA:144,23,1,0
BRDA:152,24,0,0
BRDA:152,24,1,0
BRDA:153,25,0,0
BRDA:153,25,1,0
BRDA:184,26,0,0
BRDA:184,26,1,0
BRDA:190,27,0,0
BRDA:190,27,1,0
BRDA:199,28,0,0
BRDA:199,28,1,0
BRDA:199,29,0,0
BRDA:199,29,1,0
BRDA:258,30,0,0
BRDA:258,30,1,0
BRDA:275,31,0,0
BRDA:275,31,1,0
BRDA:283,32,0,0
BRDA:283,32,1,0
BRDA:285,33,0,0
BRDA:285,33,1,0
BRDA:287,34,0,0
BRDA:287,34,1,0
BRDA:289,35,0,0
BRDA:289,35,1,0
BRDA:310,36,0,0
BRDA:310,36,1,0
BRDA:311,37,0,0
BRDA:311,37,1,0
BRDA:314,38,0,0
BRDA:314,38,1,0
BRDA:316,39,0,0
BRDA:316,39,1,0
BRDA:320,40,0,0
BRDA:320,40,1,0
BRDA:321,41,0,0
BRDA:321,41,1,0
BRDA:322,42,0,0
BRDA:322,42,1,0
BRDA:325,43,0,0
BRDA:325,43,1,0
BRDA:335,44,0,0
BRDA:335,44,1,0
BRDA:352,45,0,0
BRDA:352,45,1,0
BRDA:360,46,0,0
BRDA:360,46,1,0
BRF:98
BRH:0
end_of_record
TN:
SF:src/pages/Financeiro/PorAnimal/index.jsx
FN:11,FinanceiroPorAnimal
FN:21,carregar
FN:38,(anonymous_2)
FN:39,(anonymous_3)
FN:43,handleAplicar
FN:49,handleLimpar
FN:56,toggleExpand
FN:57,(anonymous_7)
FN:60,(anonymous_8)
FN:61,(anonymous_9)
FN:64,formatarValor
FN:87,(anonymous_11)
FN:97,(anonymous_12)
FN:143,(anonymous_13)
FN:148,(anonymous_14)
FN:157,RankingCard
FN:170,formatarData
FN:175,formatarValor
FN:221,(anonymous_18)
FNF:19
FNH:0
FNDA:0,FinanceiroPorAnimal
FNDA:0,carregar
FNDA:0,(anonymous_2)
FNDA:0,(anonymous_3)
FNDA:0,handleAplicar
FNDA:0,handleLimpar
FNDA:0,toggleExpand
FNDA:0,(anonymous_7)
FNDA:0,(anonymous_8)
FNDA:0,(anonymous_9)
FNDA:0,formatarValor
FNDA:0,(anonymous_11)
FNDA:0,(anonymous_12)
FNDA:0,(anonymous_13)
FNDA:0,(anonymous_14)
FNDA:0,RankingCard
FNDA:0,formatarData
FNDA:0,formatarValor
FNDA:0,(anonymous_18)
DA:12,0
DA:13,0
DA:14,0
DA:15,0
DA:16,0
DA:17,0
DA:18,0
DA:19,0
DA:22,0
DA:23,0
DA:24,0
DA:25,0
DA:30,0
DA:32,0
DA:34,0
DA:38,0
DA:39,0
DA:44,0
DA:45,0
DA:46,0
DA:50,0
DA:51,0
DA:52,0
DA:53,0
DA:57,0
DA:60,0
DA:61,0
DA:62,0
DA:65,0
DA:68,0
DA:87,0
DA:97,0
DA:144,0
DA:148,0
DA:158,0
DA:162,0
DA:164,0
DA:171,0
DA:172,0
DA:173,0
DA:176,0
DA:179,0
DA:222,0
LF:43
LH:0
BRDA:27,0,0,0
BRDA:27,0,1,0
BRDA:28,1,0,0
BRDA:28,1,1,0
BRDA:32,2,0,0
BRDA:32,2,1,0
BRDA:57,3,0,0
BRDA:57,3,1,0
BRDA:60,4,0,0
BRDA:60,4,1,0
BRDA:61,5,0,0
BRDA:61,5,1,0
BRDA:65,6,0,0
BRDA:65,6,1,0
BRDA:74,7,0,0
BRDA:74,7,1,0
BRDA:102,8,0,0
BRDA:102,8,1,0
BRDA:102,8,2,0
BRDA:110,9,0,0
BRDA:110,9,1,0
BRDA:124,10,0,0
BRDA:124,10,1,0
BRDA:126,11,0,0
BRDA:126,11,1,0
BRDA:133,12,0,0
BRDA:133,12,1,0
BRDA:135,13,0,0
BRDA:135,13,1,0
BRDA:137,14,0,0
BRDA:137,14,1,0
BRDA:139,15,0,0
BRDA:139,15,1,0
BRDA:139,16,0,0
BRDA:139,16,1,0
BRDA:159,17,0,0
BRDA:159,17,1,0
BRDA:162,18,0,0
BRDA:162,18,1,0
BRDA:164,19,0,0
BRDA:164,19,1,0
BRDA:166,20,0,0
BRDA:166,20,1,0
BRDA:171,21,0,0
BRDA:171,21,1,0
BRDA:176,22,0,0
BRDA:176,22,1,0
BRDA:183,23,0,0
BRDA:183,23,1,0
BRDA:185,24,0,0
BRDA:185,24,1,0
BRDA:203,25,0,0
BRDA:203,25,1,0
BRDA:208,26,0,0
BRDA:208,26,1,0
BRDA:211,27,0,0
BRDA:211,27,1,0
BRDA:213,28,0,0
BRDA:213,28,1,0
BRDA:215,29,0,0
BRDA:215,29,1,0
BRDA:217,30,0,0
BRDA:217,30,1,0
BRDA:224,31,0,0
BRDA:224,31,1,0
BRDA:225,32,0,0
BRDA:225,32,1,0
BRDA:228,33,0,0
BRDA:228,33,1,0
BRDA:229,34,0,0
BRDA:229,34,1,0
BRF:71
BRH:0
end_of_record
TN:
SF:src/pages/Financeiro/Relatorios/index.jsx
FN:13,formatarMes
FN:20,formatarMoeda
FN:24,GraficoSerieMensual
FN:38,(anonymous_3)
FN:41,(anonymous_4)
FN:48,(anonymous_5)
FN:54,(anonymous_6)
FN:60,(anonymous_7)
FN:70,(anonymous_8)
FN:97,(anonymous_9)
FN:126,FinanceiroRelatorios
FN:139,(anonymous_11)
FN:141,(anonymous_12)
FN:170,(anonymous_13)
FN:172,(anonymous_14)
FN:173,(anonymous_15)
FN:173,(anonymous_16)
FN:176,(anonymous_17)
FN:177,(anonymous_18)
FN:177,(anonymous_19)
FN:180,(anonymous_20)
FN:181,(anonymous_21)
FN:197,(anonymous_22)
[...]
BRDA:1422,119,0,0
BRDA:1422,119,1,0
BRDA:1423,120,0,0
BRDA:1423,120,1,0
BRDA:1423,121,0,0
BRDA:1423,121,1,0
BRDA:1571,122,0,0
BRDA:1571,122,1,0
BRDA:1859,123,0,0
BRDA:1859,123,1,0
BRDA:1982,124,0,0
BRDA:1982,124,1,0
BRDA:1988,125,0,0
BRDA:1988,125,1,0
BRDA:1999,126,0,0
BRDA:1999,126,1,0
BRDA:2002,127,0,0
BRDA:2002,127,1,0
BRDA:2022,128,0,0
BRDA:2022,128,1,0
BRDA:2026,129,0,0
BRDA:2030,130,0,0
BRDA:2030,130,1,0
BRDA:2034,131,0,0
BRDA:2034,131,1,0
BRDA:2038,132,0,0
BRDA:2038,132,1,0
BRDA:2042,133,0,0
BRDA:2042,133,1,0
BRDA:2046,134,0,0
BRDA:2046,134,1,0
BRDA:2098,135,0,0
BRDA:2098,135,1,0
BRDA:2099,136,0,0
BRDA:2099,136,1,0
BRDA:2100,137,0,0
BRDA:2100,137,1,0
BRDA:2100,138,0,0
BRDA:2100,138,1,0
BRDA:2101,139,0,0
BRDA:2101,139,1,0
BRDA:2102,140,0,0
BRDA:2102,140,1,0
BRDA:2103,141,0,0
BRDA:2103,141,1,0
BRDA:2103,142,0,0
BRDA:2103,142,1,0
BRDA:2104,143,0,0
BRDA:2104,143,1,0
BRDA:2126,144,0,0
BRDA:2126,144,1,0
BRDA:2128,145,0,0
BRDA:2128,145,1,0
BRDA:2129,146,0,0
BRDA:2129,146,1,0
BRDA:2130,147,0,0
BRDA:2130,147,1,0
BRDA:2130,148,0,0
BRDA:2130,148,1,0
BRDA:2139,149,0,0
BRDA:2139,149,1,0
BRDA:2143,150,0,0
BRDA:2143,150,1,0
BRDA:2166,151,0,0
BRDA:2166,151,1,0
BRDA:2170,152,0,0
BRDA:2170,152,1,0
BRDA:2189,153,0,0
BRDA:2189,153,1,0
BRDA:2189,154,0,0
BRDA:2189,154,1,0
BRDA:2194,155,0,0
BRDA:2212,156,0,0
BRDA:2212,156,1,0
BRDA:2212,157,0,0
BRDA:2212,157,1,0
BRDA:2224,158,0,0
BRDA:2224,158,1,0
BRDA:2238,159,0,0
BRDA:2238,159,1,0
BRDA:2241,160,0,0
BRDA:2241,160,1,0
BRDA:2256,161,0,0
BRDA:2256,161,1,0
BRDA:2271,162,0,0
BRDA:2275,163,0,0
BRDA:2275,163,1,0
BRDA:2279,164,0,0
BRDA:2279,164,1,0
BRDA:2283,165,0,0
BRDA:2283,165,1,0
BRDA:2283,166,0,0
BRDA:2283,166,1,0
BRDA:2285,167,0,0
BRDA:2285,167,1,0
BRDA:2305,168,0,0
BRDA:2305,168,1,0
BRDA:2306,169,0,0
BRDA:2306,169,1,0
BRDA:2353,170,0,0
BRDA:2353,170,1,0
BRDA:2378,171,0,0
BRDA:2378,171,1,0
BRF:339
BRH:0
end_of_record
TN:
SF:src/services/sqlite/webFallback.js
FN:12,splitRespectingParens
FN:34,getTabela
FN:39,salvarTabela
FN:43,compararValor
FN:60,resolverColuna
FN:69,extrairAlias
FN:78,parseSelecionar
FN:79,(anonymous_7)
FN:147,parseJoins
FN:168,executarJoin
FN:210,prefixarRegistro
FN:221,aplicarSelecionar
FN:265,splitWhereAndTerms
FN:295,avaliarOrGroup
FN:302,(anonymous_14)
FN:310,avaliarCondicaoSimples
FN:343,(anonymous_16)
FN:395,avaliarWhereSemParams
FN:423,avaliarGrupoOrComParams
FN:489,executarWhereComParams
FN:498,(anonymous_20)
FN:509,(anonymous_21)
FN:523,(anonymous_22)
FN:541,(anonymous_23)
FN:552,(anonymous_24)
FN:564,(anonymous_25)
FN:578,(anonymous_26)
FN:587,parseOrderBy
FN:589,(anonymous_28)
FN:598,ordenarRegistros
FN:600,(anonymous_30)
FN:614,criarFallbackWeb
FN:616,(anonymous_32)
FN:625,(anonymous_33)
FN:649,(anonymous_34)
FN:667,(anonymous_35)
FN:676,(anonymous_36)
FN:684,(anonymous_37)
FN:689,(anonymous_38)
FN:696,(anonymous_39)
FN:702,(anonymous_40)
FN:710,(anonymous_41)
FN:719,(anonymous_42)
FN:725,(anonymous_43)
FN:754,(anonymous_44)
FN:771,(anonymous_45)
FN:777,(anonymous_46)
FN:792,(anonymous_47)
FN:808,(anonymous_48)
FN:825,(anonymous_49)
FN:844,(anonymous_50)
FN:856,(anonymous_51)
FN:857,(anonymous_52)
FN:859,(anonymous_53)
FN:862,(anonymous_54)
FN:873,(anonymous_55)
FN:875,(anonymous_56)
FN:888,(anonymous_57)
FN:895,(anonymous_58)
FN:911,(anonymous_59)
FN:912,(anonymous_60)
FN:913,(anonymous_61)
FN:918,(anonymous_62)
FN:928,(anonymous_63)
FN:935,(anonymous_64)
FN:938,(anonymous_65)
FN:941,(anonymous_66)
FN:953,(anonymous_67)
FNF:68
FNH:0
FNDA:0,splitRespectingParens
FNDA:0,getTabela
FNDA:0,salvarTabela
FNDA:0,compararValor
FNDA:0,resolverColuna
FNDA:0,extrairAlias
FNDA:0,parseSelecionar
FNDA:0,(anonymous_7)
FNDA:0,parseJoins
FNDA:0,executarJoin
FNDA:0,prefixarRegistro
FNDA:0,aplicarSelecionar
FNDA:0,splitWhereAndTerms
FNDA:0,avaliarOrGroup
FNDA:0,(anonymous_14)
FNDA:0,avaliarCondicaoSimples
FNDA:0,(anonymous_16)
FNDA:0,avaliarWhereSemParams
FNDA:0,avaliarGrupoOrComParams
FNDA:0,executarWhereComParams
FNDA:0,(anonymous_20)
FNDA:0,(anonymous_21)
FNDA:0,(anonymous_22)
FNDA:0,(anonymous_23)
FNDA:0,(anonymous_24)
FNDA:0,(anonymous_25)
FNDA:0,(anonymous_26)
FNDA:0,parseOrderBy
FNDA:0,(anonymous_28)
FNDA:0,ordenarRegistros
FNDA:0,(anonymous_30)
FNDA:0,criarFallbackWeb
FNDA:0,(anonymous_32)
FNDA:0,(anonymous_33)
FNDA:0,(anonymous_34)
FNDA:0,(anonymous_35)
FNDA:0,(anonymous_36)
FNDA:0,(anonymous_37)
FNDA:0,(anonymous_38)
FNDA:0,(anonymous_39)
FNDA:0,(anonymous_40)
FNDA:0,(anonymous_41)
FNDA:0,(anonymous_42)
FNDA:0,(anonymous_43)
FNDA:0,(anonymous_44)
FNDA:0,(anonymous_45)
FNDA:0,(anonymous_46)
FNDA:0,(anonymous_47)
FNDA:0,(anonymous_48)
FNDA:0,(anonymous_49)
FNDA:0,(anonymous_50)
FNDA:0,(anonymous_51)
FNDA:0,(anonymous_52)
FNDA:0,(anonymous_53)
FNDA:0,(anonymous_54)
FNDA:0,(anonymous_55)
FNDA:0,(anonymous_56)
FNDA:0,(anonymous_57)
FNDA:0,(anonymous_58)
FNDA:0,(anonymous_59)
FNDA:0,(anonymous_60)
FNDA:0,(anonymous_61)
FNDA:0,(anonymous_62)
FNDA:0,(anonymous_63)
FNDA:0,(anonymous_64)
FNDA:0,(anonymous_65)
FNDA:0,(anonymous_66)
FNDA:0,(anonymous_67)
DA:9,0
DA:13,0
DA:14,0
DA:15,0
DA:16,0
DA:17,0
DA:18,0
DA:19,0
DA:20,0
DA:21,0
DA:22,0
DA:23,0
DA:24,0
DA:25,0
DA:27,0
DA:30,0
DA:31,0
DA:35,0
DA:36,0
DA:40,0
DA:44,0
DA:45,0
DA:46,0
DA:47,0
DA:48,0
DA:49,0
DA:50,0
DA:51,0
DA:52,0
DA:53,0
DA:61,0
DA:62,0
DA:63,0
DA:70,0
DA:71,0
DA:79,0
DA:80,0
DA:82,0
DA:84,0
DA:85,0
DA:86,0
DA:87,0
DA:91,0
DA:92,0
DA:93,0
DA:101,0
DA:105,0
DA:106,0
DA:107,0
DA:108,0
DA:109,0
DA:110,0
DA:112,0
DA:116,0
DA:117,0
DA:118,0
DA:119,0
DA:123,0
DA:124,0
DA:125,0
DA:126,0
DA:130,0
DA:131,0
DA:132,0
DA:133,0
DA:137,0
DA:140,0
DA:148,0
DA:149,0
DA:151,0
DA:152,0
DA:162,0
DA:169,0
DA:170,0
DA:171,0
DA:172,0
DA:173,0
DA:174,0
DA:175,0
DA:176,0
DA:177,0
DA:178,0
DA:179,0
DA:180,0
DA:181,0
DA:184,0
DA:185,0
DA:186,0
DA:187,0
DA:188,0
DA:189,0
DA:195,0
DA:196,0
DA:201,0
DA:203,0
DA:211,0
DA:212,0
DA:213,0
DA:215,0
DA:222,0
DA:224,0
DA:225,0
DA:227,0
DA:228,0
DA:231,0
DA:232,0
DA:233,0
DA:234,0
DA:235,0
DA:237,0
DA:240,0
DA:243,0
DA:244,0
DA:246,0
DA:247,0
DA:249,0
DA:250,0
DA:252,0
DA:253,0
DA:257,0
DA:266,0
DA:267,0
DA:268,0
DA:269,0
DA:271,0
DA:272,0
DA:274,0
DA:276,0
DA:277,0
DA:278,0
DA:279,0
DA:281,0
DA:282,0
DA:285,0
DA:286,0
DA:297,0
DA:298,0
DA:299,0
DA:301,0
DA:302,0
DA:311,0
DA:312,0
DA:315,0
DA:316,0
DA:317,0
DA:318,0
DA:319,0
DA:322,0
DA:326,0
DA:327,0
DA:328,0
DA:329,0
DA:330,0
DA:333,0
DA:337,0
DA:340,0
DA:341,0
DA:342,0
DA:343,0
DA:344,0
DA:345,0
DA:346,0
DA:348,0
DA:349,0
DA:351,0
DA:352,0
DA:356,0
DA:357,0
DA:358,0
DA:359,0
DA:360,0
DA:361,0
DA:362,0
DA:363,0
DA:364,0
DA:365,0
DA:367,0
DA:368,0
DA:369,0
DA:373,0
DA:374,0
DA:375,0
DA:376,0
DA:377,0
DA:378,0
DA:379,0
DA:380,0
DA:381,0
DA:383,0
DA:384,0
DA:387,0
DA:396,0
DA:398,0
DA:400,0
DA:401,0
DA:402,0
DA:405,0
DA:406,0
DA:407,0
DA:411,0
DA:414,0
DA:425,0
DA:426,0
DA:428,0
DA:431,0
DA:432,0
DA:433,0
DA:434,0
DA:436,0
DA:439,0
DA:440,0
DA:441,0
DA:442,0
DA:443,0
DA:444,0
DA:448,0
DA:449,0
DA:450,0
DA:451,0
DA:452,0
DA:453,0
DA:454,0
DA:455,0
DA:459,0
DA:460,0
DA:461,0
DA:462,0
DA:463,0
DA:464,0
DA:467,0
DA:470,0
DA:472,0
DA:473,0
DA:474,0
DA:476,0
DA:481,0
DA:490,0
DA:492,0
DA:493,0
DA:497,0
DA:498,0
DA:499,0
DA:500,0
DA:502,0
DA:505,0
DA:506,0
DA:508,0
DA:509,0
DA:510,0
DA:511,0
DA:513,0
DA:514,0
DA:517,0
DA:520,0
DA:522,0
DA:523,0
DA:525,0
DA:530,0
DA:531,0
DA:532,0
DA:536,0
DA:537,0
DA:538,0
DA:539,0
DA:540,0
DA:541,0
DA:542,0
DA:543,0
DA:547,0
DA:548,0
DA:549,0
DA:550,0
DA:551,0
DA:552,0
DA:553,0
DA:554,0
DA:558,0
DA:559,0
DA:560,0
DA:561,0
DA:562,0
DA:563,0
DA:564,0
DA:565,0
DA:566,0
DA:568,0
DA:569,0
DA:573,0
DA:574,0
DA:575,0
DA:576,0
DA:577,0
DA:578,0
DA:579,0
DA:580,0
DA:584,0
DA:588,0
DA:589,0
DA:590,0
DA:591,0
DA:592,0
DA:594,0
DA:599,0
DA:600,0
DA:601,0
DA:602,0
DA:603,0
DA:604,0
DA:605,0
DA:606,0
DA:607,0
DA:608,0
DA:610,0
DA:615,0
DA:617,0
DA:618,0
DA:621,0
DA:623,0
DA:624,0
DA:625,0
DA:627,0
DA:628,0
DA:631,0
DA:634,0
DA:635,0
DA:636,0
DA:640,0
DA:641,0
DA:642,0
DA:643,0
DA:644,0
DA:649,0
DA:652,0
DA:653,0
DA:656,0
DA:660,0
DA:661,0
DA:662,0
DA:664,0
DA:665,0
DA:667,0
DA:671,0
DA:672,0
DA:675,0
DA:676,0
DA:679,0
DA:680,0
DA:681,0
DA:684,0
DA:685,0
DA:686,0
DA:687,0
DA:688,0
DA:689,0
DA:690,0
DA:691,0
DA:692,0
DA:694,0
DA:696,0
DA:697,0
DA:698,0
DA:699,0
DA:700,0
DA:701,0
DA:702,0
DA:703,0
DA:707,0
DA:709,0
DA:710,0
DA:714,0
DA:715,0
DA:716,0
DA:717,0
DA:718,0
DA:719,0
DA:720,0
DA:724,0
DA:725,0
DA:732,0
DA:733,0
DA:734,0
DA:735,0
DA:739,0
DA:740,0
DA:741,0
DA:742,0
DA:745,0
DA:746,0
DA:747,0
DA:751,0
DA:752,0
DA:754,0
DA:764,0
DA:765,0
DA:766,0
DA:767,0
DA:769,0
DA:770,0
DA:771,0
DA:775,0
DA:776,0
DA:778,0
DA:779,0
DA:780,0
DA:781,0
DA:783,0
DA:784,0
DA:785,0
DA:786,0
DA:790,0
DA:791,0
DA:792,0
DA:793,0
DA:794,0
DA:795,0
DA:797,0
DA:800,0
DA:804,0
DA:805,0
DA:807,0
DA:808,0
DA:815,0
DA:816,0
DA:817,0
DA:818,0
DA:820,0
DA:821,0
DA:823,0
DA:825,0
DA:826,0
DA:827,0
DA:828,0
DA:829,0
DA:830,0
DA:831,0
DA:832,0
DA:833,0
DA:834,0
DA:835,0
DA:837,0
DA:840,0
DA:844,0
DA:845,0
DA:846,0
DA:848,0
DA:850,0
DA:851,0
DA:854,0
DA:856,0
DA:857,0
DA:859,0
DA:860,0
DA:861,0
DA:862,0
DA:863,0
DA:864,0
DA:866,0
DA:869,0
DA:873,0
DA:874,0
DA:875,0
DA:876,0
DA:877,0
DA:879,0
DA:882,0
DA:886,0
DA:887,0
DA:888,0
DA:894,0
DA:895,0
DA:902,0
DA:903,0
DA:904,0
DA:905,0
DA:907,0
DA:908,0
DA:909,0
DA:910,0
DA:911,0
DA:912,0
DA:913,0
DA:915,0
DA:917,0
DA:918,0
DA:925,0
DA:926,0
DA:927,0
DA:928,0
DA:935,0
DA:939,0
DA:940,0
DA:942,0
DA:943,0
DA:944,0
DA:946,0
DA:950,0
DA:954,0
DA:955,0
DA:956,0
DA:957,0
DA:958,0
DA:962,0
LF:502
LH:0
BRDA:19,0,0,0
BRDA:19,0,1,0
BRDA:19,1,0,0
BRDA:19,1,1,0
BRDA:20,2,0,0
BRDA:20,2,1,0
BRDA:20,3,0,0
BRDA:20,3,1,0
BRDA:21,4,0,0
BRDA:21,4,1,0
BRDA:21,5,0,0
BRDA:21,5,1,0
BRDA:22,6,0,0
BRDA:22,6,1,0
BRDA:22,7,0,0
BRDA:22,7,1,0
BRDA:23,8,0,0
BRDA:23,8,1,0
BRDA:23,9,0,0
BRDA:23,9,1,0
BRDA:23,9,2,0
BRDA:30,10,0,0
BRDA:30,10,1,0
BRDA:36,11,0,0
BRDA:36,11,1,0
BRDA:45,12,0,0
BRDA:45,12,1,0
BRDA:45,13,0,0
BRDA:45,13,1,0
BRDA:46,14,0,0
BRDA:46,14,1,0
BRDA:46,14,2,0
BRDA:46,14,3,0
BRDA:46,14,4,0
BRDA:46,14,5,0
BRDA:46,14,6,0
BRDA:61,15,0,0
BRDA:61,15,1,0
BRDA:63,16,0,0
BRDA:63,16,1,0
BRDA:71,17,0,0
BRDA:71,17,1,0
BRDA:85,18,0,0
BRDA:85,18,1,0
BRDA:92,19,0,0
BRDA:92,19,1,0
BRDA:106,20,0,0
BRDA:106,20,1,0
BRDA:109,21,0,0
BRDA:109,21,1,0
BRDA:117,22,0,0
BRDA:117,22,1,0
BRDA:124,23,0,0
BRDA:124,23,1,0
BRDA:131,24,0,0
BRDA:131,24,1,0
BRDA:153,25,0,0
BRDA:153,25,1,0
BRDA:170,26,0,0
BRDA:170,26,1,0
BRDA:173,27,0,0
BRDA:173,27,1,0
BRDA:174,28,0,0
BRDA:174,28,1,0
BRDA:174,29,0,0
BRDA:174,29,1,0
BRDA:176,30,0,0
BRDA:176,30,1,0
BRDA:178,31,0,0
BRDA:178,31,1,0
BRDA:184,32,0,0
BRDA:184,32,1,0
BRDA:186,33,0,0
BRDA:186,33,1,0
BRDA:195,34,0,0
BRDA:195,34,1,0
BRDA:195,35,0,0
BRDA:195,35,1,0
BRDA:225,36,0,0
BRDA:225,36,1,0
BRDA:225,36,2,0
BRDA:225,36,3,0
BRDA:225,36,4,0
BRDA:225,36,5,0
BRDA:233,37,0,0
BRDA:233,37,1,0
BRDA:235,38,0,0
BRDA:235,38,1,0
BRDA:235,39,0,0
BRDA:235,39,1,0
BRDA:243,40,0,0
BRDA:243,40,1,0
BRDA:249,41,0,0
BRDA:249,41,1,0
BRDA:277,42,0,0
BRDA:277,42,1,0
BRDA:278,43,0,0
BRDA:278,43,1,0
BRDA:279,44,0,0
BRDA:279,44,1,0
BRDA:298,45,0,0
BRDA:298,45,1,0
BRDA:298,46,0,0
BRDA:298,46,1,0
BRDA:312,47,0,0
BRDA:312,47,1,0
BRDA:316,48,0,0
BRDA:316,48,1,0
BRDA:319,49,0,0
BRDA:319,49,1,0
BRDA:320,50,0,0
BRDA:320,50,1,0
BRDA:322,51,0,0
BRDA:322,51,1,0
BRDA:327,52,0,0
BRDA:327,52,1,0
BRDA:330,53,0,0
BRDA:330,53,1,0
BRDA:331,54,0,0
BRDA:331,54,1,0
BRDA:333,55,0,0
BRDA:333,55,1,0
BRDA:337,56,0,0
BRDA:337,56,1,0
BRDA:341,57,0,0
BRDA:341,57,1,0
BRDA:345,58,0,0
BRDA:345,58,1,0
BRDA:345,59,0,0
BRDA:345,59,1,0
BRDA:345,59,2,0
BRDA:345,59,3,0
BRDA:348,60,0,0
BRDA:348,60,1,0
BRDA:357,61,0,0
BRDA:357,61,1,0
BRDA:362,62,0,0
BRDA:362,62,1,0
BRDA:362,63,0,0
BRDA:362,63,1,0
BRDA:362,63,2,0
BRDA:362,63,3,0
BRDA:364,64,0,0
BRDA:364,64,1,0
BRDA:364,65,0,0
BRDA:364,65,1,0
BRDA:367,66,0,0
BRDA:367,66,1,0
BRDA:368,67,0,0
BRDA:368,67,1,0
BRDA:374,68,0,0
BRDA:374,68,1,0
BRDA:378,69,0,0
BRDA:378,69,1,0
BRDA:378,70,0,0
BRDA:378,70,1,0
BRDA:378,70,2,0
BRDA:378,70,3,0
BRDA:380,71,0,0
BRDA:380,71,1,0
BRDA:380,72,0,0
BRDA:380,72,1,0
BRDA:383,73,0,0
BRDA:383,73,1,0
BRDA:396,74,0,0
BRDA:396,74,1,0
BRDA:402,75,0,0
BRDA:402,75,1,0
BRDA:405,76,0,0
BRDA:405,76,1,0
BRDA:405,77,0,0
BRDA:405,77,1,0
BRDA:405,77,2,0
BRDA:406,78,0,0
BRDA:406,78,1,0
BRDA:411,79,0,0
BRDA:411,79,1,0
BRDA:433,80,0,0
BRDA:433,80,1,0
BRDA:440,81,0,0
BRDA:440,81,1,0
BRDA:440,82,0,0
BRDA:440,82,1,0
BRDA:444,83,0,0
BRDA:444,83,1,0
BRDA:449,84,0,0
BRDA:449,84,1,0
BRDA:449,85,0,0
BRDA:449,85,1,0
BRDA:449,85,2,0
BRDA:454,86,0,0
BRDA:454,86,1,0
BRDA:460,87,0,0
BRDA:460,87,1,0
BRDA:460,88,0,0
BRDA:460,88,1,0
BRDA:460,88,2,0
BRDA:470,89,0,0
BRDA:470,89,1,0
BRDA:474,90,0,0
BRDA:474,90,1,0
BRDA:490,91,0,0
BRDA:490,91,1,0
BRDA:499,92,0,0
BRDA:499,92,1,0
BRDA:499,93,0,0
BRDA:499,93,1,0
BRDA:506,94,0,0
BRDA:506,94,1,0
BRDA:508,95,0,0
BRDA:508,95,1,0
BRDA:520,96,0,0
BRDA:520,96,1,0
BRDA:522,97,0,0
BRDA:522,97,1,0
BRDA:530,98,0,0
BRDA:530,98,1,0
BRDA:531,99,0,0
BRDA:531,99,1,0
BRDA:537,100,0,0
BRDA:537,100,1,0
BRDA:537,101,0,0
BRDA:537,101,1,0
BRDA:541,102,0,0
BRDA:541,102,1,0
BRDA:548,103,0,0
BRDA:548,103,1,0
BRDA:548,104,0,0
BRDA:548,104,1,0
BRDA:552,105,0,0
BRDA:552,105,1,0
BRDA:559,106,0,0
BRDA:559,106,1,0
BRDA:559,107,0,0
BRDA:559,107,1,0
BRDA:565,108,0,0
BRDA:565,108,1,0
BRDA:574,109,0,0
BRDA:574,109,1,0
BRDA:574,110,0,0
BRDA:574,110,1,0
BRDA:588,111,0,0
BRDA:588,111,1,0
BRDA:599,112,0,0
BRDA:599,112,1,0
BRDA:602,113,0,0
BRDA:602,113,1,0
BRDA:603,114,0,0
BRDA:603,114,1,0
BRDA:605,115,0,0
BRDA:605,115,1,0
BRDA:606,116,0,0
BRDA:606,116,1,0
BRDA:607,117,0,0
BRDA:607,117,1,0
BRDA:608,118,0,0
BRDA:608,118,1,0
BRDA:616,119,0,0
BRDA:621,120,0,0
BRDA:621,120,1,0
BRDA:624,121,0,0
BRDA:624,121,1,0
BRDA:628,122,0,0
BRDA:628,122,1,0
BRDA:643,123,0,0
BRDA:643,123,1,0
BRDA:652,124,0,0
BRDA:652,124,1,0
BRDA:661,125,0,0
BRDA:661,125,1,0
BRDA:672,126,0,0
BRDA:672,126,1,0
BRDA:675,127,0,0
BRDA:675,127,1,0
BRDA:675,128,0,0
BRDA:675,128,1,0
BRDA:681,129,0,0
BRDA:681,129,1,0
BRDA:684,130,0,0
BRDA:684,130,1,0
BRDA:684,131,0,0
BRDA:684,131,1,0
BRDA:685,132,0,0
BRDA:685,132,1,0
BRDA:686,133,0,0
BRDA:686,133,1,0
BRDA:689,134,0,0
BRDA:689,134,1,0
BRDA:690,135,0,0
BRDA:690,135,1,0
BRDA:699,136,0,0
BRDA:699,136,1,0
BRDA:701,137,0,0
BRDA:701,137,1,0
BRDA:703,138,0,0
BRDA:703,138,1,0
BRDA:716,139,0,0
BRDA:716,139,1,0
BRDA:718,140,0,0
BRDA:718,140,1,0
BRDA:720,141,0,0
BRDA:720,141,1,0
BRDA:733,142,0,0
BRDA:733,142,1,0
BRDA:740,143,0,0
BRDA:740,143,1,0
BRDA:742,144,0,0
BRDA:742,144,1,0
BRDA:743,145,0,0
BRDA:743,145,1,0
BRDA:746,146,0,0
BRDA:746,146,1,0
BRDA:754,147,0,0
BRDA:754,147,1,0
BRDA:764,148,0,0
BRDA:764,148,1,0
BRDA:766,149,0,0
BRDA:766,149,1,0
BRDA:770,150,0,0
BRDA:770,150,1,0
BRDA:776,151,0,0
BRDA:776,151,1,0
BRDA:779,152,0,0
BRDA:779,152,1,0
BRDA:780,153,0,0
BRDA:780,153,1,0
BRDA:780,154,0,0
BRDA:780,154,1,0
BRDA:780,154,2,0
BRDA:780,154,3,0
BRDA:783,155,0,0
BRDA:783,155,1,0
BRDA:784,156,0,0
BRDA:784,156,1,0
BRDA:785,157,0,0
BRDA:785,157,1,0
BRDA:793,158,0,0
BRDA:793,158,1,0
BRDA:794,159,0,0
BRDA:794,159,1,0
BRDA:795,160,0,0
BRDA:795,160,1,0
BRDA:800,161,0,0
BRDA:800,161,1,0
BRDA:815,162,0,0
BRDA:815,162,1,0
BRDA:817,163,0,0
BRDA:817,163,1,0
BRDA:823,164,0,0
BRDA:823,164,1,0
BRDA:831,165,0,0
BRDA:831,165,1,0
BRDA:832,166,0,0
BRDA:832,166,1,0
BRDA:832,167,0,0
BRDA:832,167,1,0
BRDA:832,167,2,0
BRDA:832,167,3,0
BRDA:834,168,0,0
BRDA:834,168,1,0
BRDA:850,169,0,0
BRDA:850,169,1,0
BRDA:860,170,0,0
BRDA:860,170,1,0
BRDA:863,171,0,0
BRDA:863,171,1,0
BRDA:876,172,0,0
BRDA:876,172,1,0
BRDA:902,173,0,0
BRDA:902,173,1,0
BRDA:904,174,0,0
BRDA:904,174,1,0
BRDA:908,175,0,0
BRDA:908,175,1,0
BRDA:944,176,0,0
BRDA:944,176,1,0
BRDA:946,177,0,0
BRDA:946,177,1,0
BRDA:955,178,0,0
BRDA:955,178,1,0
BRDA:957,179,0,0
BRDA:957,179,1,0
BRDA:957,180,0,0
BRDA:957,180,1,0
BRDA:957,180,2,0
BRF:385
BRH:0
end_of_record
TN:
SF:src/services/sync/orchestrator.js
FN:8,sincronizarAgora
FN:39,obterUltimoSync
FNF:2
FNH:0
FNDA:0,sincronizarAgora
FNDA:0,obterUltimoSync
DA:6,0
DA:9,0
DA:10,0
DA:12,0
DA:13,0
DA:18,0
DA:19,0
DA:21,0
DA:22,0
DA:28,0
DA:32,0
DA:40,0
DA:41,0
LF:13
LH:0
BRDA:9,0,0,0
BRDA:9,0,1,0
BRDA:12,1,0,0
BRDA:12,1,1,0
BRDA:41,2,0,0
BRDA:41,2,1,0
BRF:6
BRH:0
end_of_record
TN:
SF:src/services/sync/pullEngine.js
FN:11,executar
FN:12,(anonymous_1)
FN:14,(anonymous_2)
FN:18,(anonymous_3)
FN:19,(anonymous_4)
FN:46,timestampToMillis
FN:54,buscarLocal
FN:69,upsertLocal
FN:72,(anonymous_8)
FN:80,(anonymous_9)
FN:81,(anonymous_10)
FN:90,(anonymous_11)
FN:91,(anonymous_12)
FN:100,softDeleteLocal
FN:109,pullAlteracoes
FNF:15
FNH:0
FNDA:0,executar
FNDA:0,(anonymous_1)
FNDA:0,(anonymous_2)
FNDA:0,(anonymous_3)
FNDA:0,(anonymous_4)
FNDA:0,timestampToMillis
FNDA:0,buscarLocal
FNDA:0,upsertLocal
FNDA:0,(anonymous_8)
FNDA:0,(anonymous_9)
FNDA:0,(anonymous_10)
FNDA:0,(anonymous_11)
FNDA:0,(anonymous_12)
FNDA:0,softDeleteLocal
FNDA:0,pullAlteracoes
DA:12,0
DA:13,0
DA:15,0
DA:18,0
DA:19,0
DA:30,0
DA:44,0
DA:47,0
DA:48,0
DA:49,0
DA:50,0
DA:51,0
DA:55,0
DA:56,0
DA:61,0
DA:62,0
DA:63,0
DA:65,0
DA:66,0
DA:70,0
DA:71,0
DA:72,0
DA:73,0
DA:76,0
DA:78,0
DA:80,0
DA:81,0
DA:82,0
DA:90,0
DA:91,0
DA:92,0
DA:101,0
DA:102,0
DA:110,0
DA:111,0
DA:112,0
DA:114,0
DA:116,0
DA:118,0
DA:119,0
DA:120,0
DA:122,0
DA:123,0
DA:124,0
DA:126,0
DA:127,0
DA:128,0
DA:129,0
DA:130,0
DA:133,0
DA:134,0
DA:135,0
DA:136,0
DA:138,0
DA:142,0
DA:143,0
DA:144,0
DA:145,0
DA:149,0
DA:150,0
DA:151,0
DA:153,0
DA:159,0
DA:161,0
LF:64
LH:0
BRDA:11,0,0,0
BRDA:47,1,0,0
BRDA:47,1,1,0
BRDA:48,2,0,0
BRDA:48,2,1,0
BRDA:49,3,0,0
BRDA:49,3,1,0
BRDA:50,4,0,0
BRDA:50,4,1,0
BRDA:65,5,0,0
BRDA:65,5,1,0
BRDA:73,6,0,0
BRDA:73,6,1,0
BRDA:78,7,0,0
BRDA:78,7,1,0
BRDA:81,8,0,0
BRDA:81,8,1,0
BRDA:91,9,0,0
BRDA:91,9,1,0
BRDA:111,10,0,0
BRDA:111,10,1,0
BRDA:116,11,0,0
BRDA:116,11,1,0
BRDA:133,12,0,0
BRDA:133,12,1,0
BRDA:134,13,0,0
BRDA:134,13,1,0
BRDA:142,14,0,0
BRDA:142,14,1,0
BRDA:149,15,0,0
BRDA:149,15,1,0
BRF:31
BRH:0
end_of_record
TN:
SF:src/services/sync/pushQueue.js
FN:33,sanitizarDoc
FN:41,pushPendentes
FN:61,(anonymous_2)
FNF:3
FNH:0
FNDA:0,sanitizarDoc
FNDA:0,pushPendentes
FNDA:0,(anonymous_2)
DA:15,0
DA:30,0
DA:37,0
DA:38,0
DA:42,0
DA:43,0
DA:44,0
DA:46,0
DA:48,0
DA:49,0
DA:50,0
DA:52,0
DA:53,0
DA:54,0
DA:57,0
DA:58,0
DA:59,0
DA:61,0
DA:62,0
DA:67,0
DA:72,0
DA:75,0
DA:76,0
DA:78,0
DA:79,0
DA:80,0
DA:85,0
DA:86,0
DA:87,0
DA:92,0
LF:30
LH:0
BRDA:43,0,0,0
BRDA:43,0,1,0
BRDA:54,1,0,0
BRDA:54,1,1,0
BRDA:70,2,0,0
BRDA:70,2,1,0
BRF:6
BRH:0
end_of_record
TN:
SF:src/utils/datas.js
FN:13,diasAte
FN:28,formatarDataBR
FNF:2
FNH:2
FNDA:6,diasAte
FNDA:5,formatarDataBR
DA:14,6
DA:15,4
DA:16,4
DA:17,4
DA:18,4
DA:19,3
DA:29,5
DA:30,3
DA:31,3
DA:32,2
LF:10
LH:10
BRDA:13,0,0,4
BRDA:14,1,0,2
BRDA:14,1,1,4
BRDA:18,2,0,1
BRDA:18,2,1,3
BRDA:29,3,0,2
BRDA:29,3,1,3
BRDA:31,4,0,1
BRDA:31,4,1,2
BRDA:31,5,0,3
BRDA:31,5,1,3
BRDA:31,5,2,2
BRF:12
BRH:12
end_of_record
TN:
SF:src/utils/reproducao.js
FN:9,calcularStatusGestacao
FN:24,calcularProgresso
FN:40,diasAteParto
FN:53,calcularDataPrevistaParto
FN:65,calcularDataSecagem
FNF:5
FNH:0
FNDA:0,calcularStatusGestacao
FNDA:0,calcularProgresso
FNDA:0,diasAteParto
FNDA:0,calcularDataPrevistaParto
FNDA:0,calcularDataSecagem
DA:10,0
DA:11,0
DA:12,0
DA:13,0
DA:14,0
DA:15,0
DA:16,0
DA:25,0
DA:26,0
DA:27,0
DA:28,0
DA:29,0
DA:30,0
DA:31,0
DA:32,0
DA:41,0
DA:42,0
DA:43,0
DA:44,0
DA:45,0
DA:54,0
DA:55,0
DA:56,0
DA:57,0
DA:66,0
DA:67,0
DA:68,0
DA:69,0
DA:72,0
DA:82,0
LF:30
LH:0
BRDA:10,0,0,0
BRDA:10,0,1,0
BRDA:11,1,0,0
BRDA:11,1,1,0
BRDA:12,2,0,0
BRDA:12,2,1,0
BRDA:13,3,0,0
BRDA:13,3,1,0
BRDA:14,4,0,0
BRDA:14,4,1,0
BRDA:14,5,0,0
BRDA:14,5,1,0
BRDA:15,6,0,0
BRDA:15,6,1,0
BRDA:25,7,0,0
BRDA:25,7,1,0
BRDA:30,8,0,0
BRDA:30,8,1,0
BRDA:31,9,0,0
BRDA:31,9,1,0
BRDA:41,10,0,0
BRDA:41,10,1,0
BRDA:54,11,0,0
BRDA:54,11,1,0
BRDA:66,12,0,0
BRDA:66,12,1,0
BRF:26
BRH:0
end_of_record
TN:
SF:src/utils/uuid.js
FN:1,gerarUUID
FN:6,(anonymous_1)
FNF:2
FNH:1
FNDA:101,gerarUUID
FNDA:0,(anonymous_1)
DA:2,101
DA:3,101
DA:6,0
DA:7,0
DA:8,0
DA:9,0
LF:6
LH:2
BRDA:2,0,0,101
BRDA:2,0,1,0
BRDA:2,1,0,101
BRDA:2,1,1,101
BRDA:8,2,0,0
BRDA:8,2,1,0
BRF:6
BRH:3
end_of_record
